memory[0]=8519696
memory[1]=8585233
memory[2]=8650770
memory[3]=8716308
memory[4]=17039370
memory[5]=5963782
memory[6]=7143431
memory[7]=8257542
memory[8]=2949125
memory[9]=17170433
memory[10]=655361
memory[11]=1179650
memory[12]=8847379
memory[13]=2555908
memory[14]=16842741
memory[15]=25165824
memory[16]=1103
memory[17]=7043
memory[18]=16
memory[19]=-1
memory[20]=1

@@@
state:
	pc 0
	memory:
		mem[ 0 ] 8519696
		mem[ 1 ] 8585233
		mem[ 2 ] 8650770
		mem[ 3 ] 8716308
		mem[ 4 ] 17039370
		mem[ 5 ] 5963782
		mem[ 6 ] 7143431
		mem[ 7 ] 8257542
		mem[ 8 ] 2949125
		mem[ 9 ] 17170433
		mem[ 10 ] 655361
		mem[ 11 ] 1179650
		mem[ 12 ] 8847379
		mem[ 13 ] 2555908
		mem[ 14 ] 16842741
		mem[ 15 ] 25165824
		mem[ 16 ] 1103
		mem[ 17 ] 7043
		mem[ 18 ] 16
		mem[ 19 ] -1
		mem[ 20 ] 1
	registers:
		reg[ 0 ] 0
		reg[ 1 ] 0
		reg[ 2 ] 0
		reg[ 3 ] 0
		reg[ 4 ] 0
		reg[ 5 ] 0
		reg[ 6 ] 0
		reg[ 7 ] 0
end state

@@@
state:
	pc 1
	memory:
		mem[ 0 ] 8519696
		mem[ 1 ] 8585233
		mem[ 2 ] 8650770
		mem[ 3 ] 8716308
		mem[ 4 ] 17039370
		mem[ 5 ] 5963782
		mem[ 6 ] 7143431
		mem[ 7 ] 8257542
		mem[ 8 ] 2949125
		mem[ 9 ] 17170433
		mem[ 10 ] 655361
		mem[ 11 ] 1179650
		mem[ 12 ] 8847379
		mem[ 13 ] 2555908
		mem[ 14 ] 16842741
		mem[ 15 ] 25165824
		mem[ 16 ] 1103
		mem[ 17 ] 7043
		mem[ 18 ] 16
		mem[ 19 ] -1
		mem[ 20 ] 1
	registers:
		reg[ 0 ] 0
		reg[ 1 ] 0
		reg[ 2 ] 1103
		reg[ 3 ] 0
		reg[ 4 ] 0
		reg[ 5 ] 0
		reg[ 6 ] 0
		reg[ 7 ] 0
end state

@@@
state:
	pc 2
	memory:
		mem[ 0 ] 8519696
		mem[ 1 ] 8585233
		mem[ 2 ] 8650770
		mem[ 3 ] 8716308
		mem[ 4 ] 17039370
		mem[ 5 ] 5963782
		mem[ 6 ] 7143431
		mem[ 7 ] 8257542
		mem[ 8 ] 2949125
		mem[ 9 ] 17170433
		mem[ 10 ] 655361
		mem[ 11 ] 1179650
		mem[ 12 ] 8847379
		mem[ 13 ] 2555908
		mem[ 14 ] 16842741
		mem[ 15 ] 25165824
		mem[ 16 ] 1103
		mem[ 17 ] 7043
		mem[ 18 ] 16
		mem[ 19 ] -1
		mem[ 20 ] 1
	registers:
		reg[ 0 ] 0
		reg[ 1 ] 0
		reg[ 2 ] 1103
		reg[ 3 ] 7043
		reg[ 4 ] 0
		reg[ 5 ] 0
		reg[ 6 ] 0
		reg[ 7 ] 0
end state

@@@
state:
	pc 3
	memory:
		mem[ 0 ] 8519696
		mem[ 1 ] 8585233
		mem[ 2 ] 8650770
		mem[ 3 ] 8716308
		mem[ 4 ] 17039370
		mem[ 5 ] 5963782
		mem[ 6 ] 7143431
		mem[ 7 ] 8257542
		mem[ 8 ] 2949125
		mem[ 9 ] 17170433
		mem[ 10 ] 655361
		mem[ 11 ] 1179650
		mem[ 12 ] 8847379
		mem[ 13 ] 2555908
		mem[ 14 ] 16842741
		mem[ 15 ] 25165824
		mem[ 16 ] 1103
		mem[ 17 ] 7043
		mem[ 18 ] 16
		mem[ 19 ] -1
		mem[ 20 ] 1
	registers:
		reg[ 0 ] 0
		reg[ 1 ] 0
		reg[ 2 ] 1103
		reg[ 3 ] 7043
		reg[ 4 ] 16
		reg[ 5 ] 0
		reg[ 6 ] 0
		reg[ 7 ] 0
end state

@@@
state:
	pc 4
	memory:
		mem[ 0 ] 8519696
		mem[ 1 ] 8585233
		mem[ 2 ] 8650770
		mem[ 3 ] 8716308
		mem[ 4 ] 17039370
		mem[ 5 ] 5963782
		mem[ 6 ] 7143431
		mem[ 7 ] 8257542
		mem[ 8 ] 2949125
		mem[ 9 ] 17170433
		mem[ 10 ] 655361
		mem[ 11 ] 1179650
		mem[ 12 ] 8847379
		mem[ 13 ] 2555908
		mem[ 14 ] 16842741
		mem[ 15 ] 25165824
		mem[ 16 ] 1103
		mem[ 17 ] 7043
		mem[ 18 ] 16
		mem[ 19 ] -1
		mem[ 20 ] 1
	registers:
		reg[ 0 ] 0
		reg[ 1 ] 0
		reg[ 2 ] 1103
		reg[ 3 ] 7043
		reg[ 4 ] 16
		reg[ 5 ] 1
		reg[ 6 ] 0
		reg[ 7 ] 0
end state

@@@
state:
	pc 5
	memory:
		mem[ 0 ] 8519696
		mem[ 1 ] 8585233
		mem[ 2 ] 8650770
		mem[ 3 ] 8716308
		mem[ 4 ] 17039370
		mem[ 5 ] 5963782
		mem[ 6 ] 7143431
		mem[ 7 ] 8257542
		mem[ 8 ] 2949125
		mem[ 9 ] 17170433
		mem[ 10 ] 655361
		mem[ 11 ] 1179650
		mem[ 12 ] 8847379
		mem[ 13 ] 2555908
		mem[ 14 ] 16842741
		mem[ 15 ] 25165824
		mem[ 16 ] 1103
		mem[ 17 ] 7043
		mem[ 18 ] 16
		mem[ 19 ] -1
		mem[ 20 ] 1
	registers:
		reg[ 0 ] 0
		reg[ 1 ] 0
		reg[ 2 ] 1103
		reg[ 3 ] 7043
		reg[ 4 ] 16
		reg[ 5 ] 1
		reg[ 6 ] 0
		reg[ 7 ] 0
end state

@@@
state:
	pc 6
	memory:
		mem[ 0 ] 8519696
		mem[ 1 ] 8585233
		mem[ 2 ] 8650770
		mem[ 3 ] 8716308
		mem[ 4 ] 17039370
		mem[ 5 ] 5963782
		mem[ 6 ] 7143431
		mem[ 7 ] 8257542
		mem[ 8 ] 2949125
		mem[ 9 ] 17170433
		mem[ 10 ] 655361
		mem[ 11 ] 1179650
		mem[ 12 ] 8847379
		mem[ 13 ] 2555908
		mem[ 14 ] 16842741
		mem[ 15 ] 25165824
		mem[ 16 ] 1103
		mem[ 17 ] 7043
		mem[ 18 ] 16
		mem[ 19 ] -1
		mem[ 20 ] 1
	registers:
		reg[ 0 ] 0
		reg[ 1 ] 0
		reg[ 2 ] 1103
		reg[ 3 ] 7043
		reg[ 4 ] 16
		reg[ 5 ] 1
		reg[ 6 ] -7044
		reg[ 7 ] 0
end state

@@@
state:
	pc 7
	memory:
		mem[ 0 ] 8519696
		mem[ 1 ] 8585233
		mem[ 2 ] 8650770
		mem[ 3 ] 8716308
		mem[ 4 ] 17039370
		mem[ 5 ] 5963782
		mem[ 6 ] 7143431
		mem[ 7 ] 8257542
		mem[ 8 ] 2949125
		mem[ 9 ] 17170433
		mem[ 10 ] 655361
		mem[ 11 ] 1179650
		mem[ 12 ] 8847379
		mem[ 13 ] 2555908
		mem[ 14 ] 16842741
		mem[ 15 ] 25165824
		mem[ 16 ] 1103
		mem[ 17 ] 7043
		mem[ 18 ] 16
		mem[ 19 ] -1
		mem[ 20 ] 1
	registers:
		reg[ 0 ] 0
		reg[ 1 ] 0
		reg[ 2 ] 1103
		reg[ 3 ] 7043
		reg[ 4 ] 16
		reg[ 5 ] 1
		reg[ 6 ] -7044
		reg[ 7 ] -2
end state

@@@
state:
	pc 8
	memory:
		mem[ 0 ] 8519696
		mem[ 1 ] 8585233
		mem[ 2 ] 8650770
		mem[ 3 ] 8716308
		mem[ 4 ] 17039370
		mem[ 5 ] 5963782
		mem[ 6 ] 7143431
		mem[ 7 ] 8257542
		mem[ 8 ] 2949125
		mem[ 9 ] 17170433
		mem[ 10 ] 655361
		mem[ 11 ] 1179650
		mem[ 12 ] 8847379
		mem[ 13 ] 2555908
		mem[ 14 ] 16842741
		mem[ 15 ] 25165824
		mem[ 16 ] 1103
		mem[ 17 ] 7043
		mem[ 18 ] 16
		mem[ 19 ] -1
		mem[ 20 ] 1
	registers:
		reg[ 0 ] 0
		reg[ 1 ] 0
		reg[ 2 ] 1103
		reg[ 3 ] 7043
		reg[ 4 ] 16
		reg[ 5 ] 1
		reg[ 6 ] 1
		reg[ 7 ] -2
end state

@@@
state:
	pc 9
	memory:
		mem[ 0 ] 8519696
		mem[ 1 ] 8585233
		mem[ 2 ] 8650770
		mem[ 3 ] 8716308
		mem[ 4 ] 17039370
		mem[ 5 ] 5963782
		mem[ 6 ] 7143431
		mem[ 7 ] 8257542
		mem[ 8 ] 2949125
		mem[ 9 ] 17170433
		mem[ 10 ] 655361
		mem[ 11 ] 1179650
		mem[ 12 ] 8847379
		mem[ 13 ] 2555908
		mem[ 14 ] 16842741
		mem[ 15 ] 25165824
		mem[ 16 ] 1103
		mem[ 17 ] 7043
		mem[ 18 ] 16
		mem[ 19 ] -1
		mem[ 20 ] 1
	registers:
		reg[ 0 ] 0
		reg[ 1 ] 0
		reg[ 2 ] 1103
		reg[ 3 ] 7043
		reg[ 4 ] 16
		reg[ 5 ] 2
		reg[ 6 ] 1
		reg[ 7 ] -2
end state

@@@
state:
	pc 10
	memory:
		mem[ 0 ] 8519696
		mem[ 1 ] 8585233
		mem[ 2 ] 8650770
		mem[ 3 ] 8716308
		mem[ 4 ] 17039370
		mem[ 5 ] 5963782
		mem[ 6 ] 7143431
		mem[ 7 ] 8257542
		mem[ 8 ] 2949125
		mem[ 9 ] 17170433
		mem[ 10 ] 655361
		mem[ 11 ] 1179650
		mem[ 12 ] 8847379
		mem[ 13 ] 2555908
		mem[ 14 ] 16842741
		mem[ 15 ] 25165824
		mem[ 16 ] 1103
		mem[ 17 ] 7043
		mem[ 18 ] 16
		mem[ 19 ] -1
		mem[ 20 ] 1
	registers:
		reg[ 0 ] 0
		reg[ 1 ] 0
		reg[ 2 ] 1103
		reg[ 3 ] 7043
		reg[ 4 ] 16
		reg[ 5 ] 2
		reg[ 6 ] 1
		reg[ 7 ] -2
end state

@@@
state:
	pc 11
	memory:
		mem[ 0 ] 8519696
		mem[ 1 ] 8585233
		mem[ 2 ] 8650770
		mem[ 3 ] 8716308
		mem[ 4 ] 17039370
		mem[ 5 ] 5963782
		mem[ 6 ] 7143431
		mem[ 7 ] 8257542
		mem[ 8 ] 2949125
		mem[ 9 ] 17170433
		mem[ 10 ] 655361
		mem[ 11 ] 1179650
		mem[ 12 ] 8847379
		mem[ 13 ] 2555908
		mem[ 14 ] 16842741
		mem[ 15 ] 25165824
		mem[ 16 ] 1103
		mem[ 17 ] 7043
		mem[ 18 ] 16
		mem[ 19 ] -1
		mem[ 20 ] 1
	registers:
		reg[ 0 ] 0
		reg[ 1 ] 1103
		reg[ 2 ] 1103
		reg[ 3 ] 7043
		reg[ 4 ] 16
		reg[ 5 ] 2
		reg[ 6 ] 1
		reg[ 7 ] -2
end state

@@@
state:
	pc 12
	memory:
		mem[ 0 ] 8519696
		mem[ 1 ] 8585233
		mem[ 2 ] 8650770
		mem[ 3 ] 8716308
		mem[ 4 ] 17039370
		mem[ 5 ] 5963782
		mem[ 6 ] 7143431
		mem[ 7 ] 8257542
		mem[ 8 ] 2949125
		mem[ 9 ] 17170433
		mem[ 10 ] 655361
		mem[ 11 ] 1179650
		mem[ 12 ] 8847379
		mem[ 13 ] 2555908
		mem[ 14 ] 16842741
		mem[ 15 ] 25165824
		mem[ 16 ] 1103
		mem[ 17 ] 7043
		mem[ 18 ] 16
		mem[ 19 ] -1
		mem[ 20 ] 1
	registers:
		reg[ 0 ] 0
		reg[ 1 ] 1103
		reg[ 2 ] 2206
		reg[ 3 ] 7043
		reg[ 4 ] 16
		reg[ 5 ] 2
		reg[ 6 ] 1
		reg[ 7 ] -2
end state

@@@
state:
	pc 13
	memory:
		mem[ 0 ] 8519696
		mem[ 1 ] 8585233
		mem[ 2 ] 8650770
		mem[ 3 ] 8716308
		mem[ 4 ] 17039370
		mem[ 5 ] 5963782
		mem[ 6 ] 7143431
		mem[ 7 ] 8257542
		mem[ 8 ] 2949125
		mem[ 9 ] 17170433
		mem[ 10 ] 655361
		mem[ 11 ] 1179650
		mem[ 12 ] 8847379
		mem[ 13 ] 2555908
		mem[ 14 ] 16842741
		mem[ 15 ] 25165824
		mem[ 16 ] 1103
		mem[ 17 ] 7043
		mem[ 18 ] 16
		mem[ 19 ] -1
		mem[ 20 ] 1
	registers:
		reg[ 0 ] 0
		reg[ 1 ] 1103
		reg[ 2 ] 2206
		reg[ 3 ] 7043
		reg[ 4 ] 16
		reg[ 5 ] 2
		reg[ 6 ] 1
		reg[ 7 ] -1
end state

@@@
state:
	pc 14
	memory:
		mem[ 0 ] 8519696
		mem[ 1 ] 8585233
		mem[ 2 ] 8650770
		mem[ 3 ] 8716308
		mem[ 4 ] 17039370
		mem[ 5 ] 5963782
		mem[ 6 ] 7143431
		mem[ 7 ] 8257542
		mem[ 8 ] 2949125
		mem[ 9 ] 17170433
		mem[ 10 ] 655361
		mem[ 11 ] 1179650
		mem[ 12 ] 8847379
		mem[ 13 ] 2555908
		mem[ 14 ] 16842741
		mem[ 15 ] 25165824
		mem[ 16 ] 1103
		mem[ 17 ] 7043
		mem[ 18 ] 16
		mem[ 19 ] -1
		mem[ 20 ] 1
	registers:
		reg[ 0 ] 0
		reg[ 1 ] 1103
		reg[ 2 ] 2206
		reg[ 3 ] 7043
		reg[ 4 ] 15
		reg[ 5 ] 2
		reg[ 6 ] 1
		reg[ 7 ] -1
end state

@@@
state:
	pc 4
	memory:
		mem[ 0 ] 8519696
		mem[ 1 ] 8585233
		mem[ 2 ] 8650770
		mem[ 3 ] 8716308
		mem[ 4 ] 17039370
		mem[ 5 ] 5963782
		mem[ 6 ] 7143431
		mem[ 7 ] 8257542
		mem[ 8 ] 2949125
		mem[ 9 ] 17170433
		mem[ 10 ] 655361
		mem[ 11 ] 1179650
		mem[ 12 ] 8847379
		mem[ 13 ] 2555908
		mem[ 14 ] 16842741
		mem[ 15 ] 25165824
		mem[ 16 ] 1103
		mem[ 17 ] 7043
		mem[ 18 ] 16
		mem[ 19 ] -1
		mem[ 20 ] 1
	registers:
		reg[ 0 ] 0
		reg[ 1 ] 1103
		reg[ 2 ] 2206
		reg[ 3 ] 7043
		reg[ 4 ] 15
		reg[ 5 ] 2
		reg[ 6 ] 1
		reg[ 7 ] -1
end state

@@@
state:
	pc 5
	memory:
		mem[ 0 ] 8519696
		mem[ 1 ] 8585233
		mem[ 2 ] 8650770
		mem[ 3 ] 8716308
		mem[ 4 ] 17039370
		mem[ 5 ] 5963782
		mem[ 6 ] 7143431
		mem[ 7 ] 8257542
		mem[ 8 ] 2949125
		mem[ 9 ] 17170433
		mem[ 10 ] 655361
		mem[ 11 ] 1179650
		mem[ 12 ] 8847379
		mem[ 13 ] 2555908
		mem[ 14 ] 16842741
		mem[ 15 ] 25165824
		mem[ 16 ] 1103
		mem[ 17 ] 7043
		mem[ 18 ] 16
		mem[ 19 ] -1
		mem[ 20 ] 1
	registers:
		reg[ 0 ] 0
		reg[ 1 ] 1103
		reg[ 2 ] 2206
		reg[ 3 ] 7043
		reg[ 4 ] 15
		reg[ 5 ] 2
		reg[ 6 ] 1
		reg[ 7 ] -1
end state

@@@
state:
	pc 6
	memory:
		mem[ 0 ] 8519696
		mem[ 1 ] 8585233
		mem[ 2 ] 8650770
		mem[ 3 ] 8716308
		mem[ 4 ] 17039370
		mem[ 5 ] 5963782
		mem[ 6 ] 7143431
		mem[ 7 ] 8257542
		mem[ 8 ] 2949125
		mem[ 9 ] 17170433
		mem[ 10 ] 655361
		mem[ 11 ] 1179650
		mem[ 12 ] 8847379
		mem[ 13 ] 2555908
		mem[ 14 ] 16842741
		mem[ 15 ] 25165824
		mem[ 16 ] 1103
		mem[ 17 ] 7043
		mem[ 18 ] 16
		mem[ 19 ] -1
		mem[ 20 ] 1
	registers:
		reg[ 0 ] 0
		reg[ 1 ] 1103
		reg[ 2 ] 2206
		reg[ 3 ] 7043
		reg[ 4 ] 15
		reg[ 5 ] 2
		reg[ 6 ] -7044
		reg[ 7 ] -1
end state

@@@
state:
	pc 7
	memory:
		mem[ 0 ] 8519696
		mem[ 1 ] 8585233
		mem[ 2 ] 8650770
		mem[ 3 ] 8716308
		mem[ 4 ] 17039370
		mem[ 5 ] 5963782
		mem[ 6 ] 7143431
		mem[ 7 ] 8257542
		mem[ 8 ] 2949125
		mem[ 9 ] 17170433
		mem[ 10 ] 655361
		mem[ 11 ] 1179650
		mem[ 12 ] 8847379
		mem[ 13 ] 2555908
		mem[ 14 ] 16842741
		mem[ 15 ] 25165824
		mem[ 16 ] 1103
		mem[ 17 ] 7043
		mem[ 18 ] 16
		mem[ 19 ] -1
		mem[ 20 ] 1
	registers:
		reg[ 0 ] 0
		reg[ 1 ] 1103
		reg[ 2 ] 2206
		reg[ 3 ] 7043
		reg[ 4 ] 15
		reg[ 5 ] 2
		reg[ 6 ] -7044
		reg[ 7 ] -3
end state

@@@
state:
	pc 8
	memory:
		mem[ 0 ] 8519696
		mem[ 1 ] 8585233
		mem[ 2 ] 8650770
		mem[ 3 ] 8716308
		mem[ 4 ] 17039370
		mem[ 5 ] 5963782
		mem[ 6 ] 7143431
		mem[ 7 ] 8257542
		mem[ 8 ] 2949125
		mem[ 9 ] 17170433
		mem[ 10 ] 655361
		mem[ 11 ] 1179650
		mem[ 12 ] 8847379
		mem[ 13 ] 2555908
		mem[ 14 ] 16842741
		mem[ 15 ] 25165824
		mem[ 16 ] 1103
		mem[ 17 ] 7043
		mem[ 18 ] 16
		mem[ 19 ] -1
		mem[ 20 ] 1
	registers:
		reg[ 0 ] 0
		reg[ 1 ] 1103
		reg[ 2 ] 2206
		reg[ 3 ] 7043
		reg[ 4 ] 15
		reg[ 5 ] 2
		reg[ 6 ] 2
		reg[ 7 ] -3
end state

@@@
state:
	pc 9
	memory:
		mem[ 0 ] 8519696
		mem[ 1 ] 8585233
		mem[ 2 ] 8650770
		mem[ 3 ] 8716308
		mem[ 4 ] 17039370
		mem[ 5 ] 5963782
		mem[ 6 ] 7143431
		mem[ 7 ] 8257542
		mem[ 8 ] 2949125
		mem[ 9 ] 17170433
		mem[ 10 ] 655361
		mem[ 11 ] 1179650
		mem[ 12 ] 8847379
		mem[ 13 ] 2555908
		mem[ 14 ] 16842741
		mem[ 15 ] 25165824
		mem[ 16 ] 1103
		mem[ 17 ] 7043
		mem[ 18 ] 16
		mem[ 19 ] -1
		mem[ 20 ] 1
	registers:
		reg[ 0 ] 0
		reg[ 1 ] 1103
		reg[ 2 ] 2206
		reg[ 3 ] 7043
		reg[ 4 ] 15
		reg[ 5 ] 4
		reg[ 6 ] 2
		reg[ 7 ] -3
end state

@@@
state:
	pc 10
	memory:
		mem[ 0 ] 8519696
		mem[ 1 ] 8585233
		mem[ 2 ] 8650770
		mem[ 3 ] 8716308
		mem[ 4 ] 17039370
		mem[ 5 ] 5963782
		mem[ 6 ] 7143431
		mem[ 7 ] 8257542
		mem[ 8 ] 2949125
		mem[ 9 ] 17170433
		mem[ 10 ] 655361
		mem[ 11 ] 1179650
		mem[ 12 ] 8847379
		mem[ 13 ] 2555908
		mem[ 14 ] 16842741
		mem[ 15 ] 25165824
		mem[ 16 ] 1103
		mem[ 17 ] 7043
		mem[ 18 ] 16
		mem[ 19 ] -1
		mem[ 20 ] 1
	registers:
		reg[ 0 ] 0
		reg[ 1 ] 1103
		reg[ 2 ] 2206
		reg[ 3 ] 7043
		reg[ 4 ] 15
		reg[ 5 ] 4
		reg[ 6 ] 2
		reg[ 7 ] -3
end state

@@@
state:
	pc 11
	memory:
		mem[ 0 ] 8519696
		mem[ 1 ] 8585233
		mem[ 2 ] 8650770
		mem[ 3 ] 8716308
		mem[ 4 ] 17039370
		mem[ 5 ] 5963782
		mem[ 6 ] 7143431
		mem[ 7 ] 8257542
		mem[ 8 ] 2949125
		mem[ 9 ] 17170433
		mem[ 10 ] 655361
		mem[ 11 ] 1179650
		mem[ 12 ] 8847379
		mem[ 13 ] 2555908
		mem[ 14 ] 16842741
		mem[ 15 ] 25165824
		mem[ 16 ] 1103
		mem[ 17 ] 7043
		mem[ 18 ] 16
		mem[ 19 ] -1
		mem[ 20 ] 1
	registers:
		reg[ 0 ] 0
		reg[ 1 ] 3309
		reg[ 2 ] 2206
		reg[ 3 ] 7043
		reg[ 4 ] 15
		reg[ 5 ] 4
		reg[ 6 ] 2
		reg[ 7 ] -3
end state

@@@
state:
	pc 12
	memory:
		mem[ 0 ] 8519696
		mem[ 1 ] 8585233
		mem[ 2 ] 8650770
		mem[ 3 ] 8716308
		mem[ 4 ] 17039370
		mem[ 5 ] 5963782
		mem[ 6 ] 7143431
		mem[ 7 ] 8257542
		mem[ 8 ] 2949125
		mem[ 9 ] 17170433
		mem[ 10 ] 655361
		mem[ 11 ] 1179650
		mem[ 12 ] 8847379
		mem[ 13 ] 2555908
		mem[ 14 ] 16842741
		mem[ 15 ] 25165824
		mem[ 16 ] 1103
		mem[ 17 ] 7043
		mem[ 18 ] 16
		mem[ 19 ] -1
		mem[ 20 ] 1
	registers:
		reg[ 0 ] 0
		reg[ 1 ] 3309
		reg[ 2 ] 4412
		reg[ 3 ] 7043
		reg[ 4 ] 15
		reg[ 5 ] 4
		reg[ 6 ] 2
		reg[ 7 ] -3
end state

@@@
state:
	pc 13
	memory:
		mem[ 0 ] 8519696
		mem[ 1 ] 8585233
		mem[ 2 ] 8650770
		mem[ 3 ] 8716308
		mem[ 4 ] 17039370
		mem[ 5 ] 5963782
		mem[ 6 ] 7143431
		mem[ 7 ] 8257542
		mem[ 8 ] 2949125
		mem[ 9 ] 17170433
		mem[ 10 ] 655361
		mem[ 11 ] 1179650
		mem[ 12 ] 8847379
		mem[ 13 ] 2555908
		mem[ 14 ] 16842741
		mem[ 15 ] 25165824
		mem[ 16 ] 1103
		mem[ 17 ] 7043
		mem[ 18 ] 16
		mem[ 19 ] -1
		mem[ 20 ] 1
	registers:
		reg[ 0 ] 0
		reg[ 1 ] 3309
		reg[ 2 ] 4412
		reg[ 3 ] 7043
		reg[ 4 ] 15
		reg[ 5 ] 4
		reg[ 6 ] 2
		reg[ 7 ] -1
end state

@@@
state:
	pc 14
	memory:
		mem[ 0 ] 8519696
		mem[ 1 ] 8585233
		mem[ 2 ] 8650770
		mem[ 3 ] 8716308
		mem[ 4 ] 17039370
		mem[ 5 ] 5963782
		mem[ 6 ] 7143431
		mem[ 7 ] 8257542
		mem[ 8 ] 2949125
		mem[ 9 ] 17170433
		mem[ 10 ] 655361
		mem[ 11 ] 1179650
		mem[ 12 ] 8847379
		mem[ 13 ] 2555908
		mem[ 14 ] 16842741
		mem[ 15 ] 25165824
		mem[ 16 ] 1103
		mem[ 17 ] 7043
		mem[ 18 ] 16
		mem[ 19 ] -1
		mem[ 20 ] 1
	registers:
		reg[ 0 ] 0
		reg[ 1 ] 3309
		reg[ 2 ] 4412
		reg[ 3 ] 7043
		reg[ 4 ] 14
		reg[ 5 ] 4
		reg[ 6 ] 2
		reg[ 7 ] -1
end state

@@@
state:
	pc 4
	memory:
		mem[ 0 ] 8519696
		mem[ 1 ] 8585233
		mem[ 2 ] 8650770
		mem[ 3 ] 8716308
		mem[ 4 ] 17039370
		mem[ 5 ] 5963782
		mem[ 6 ] 7143431
		mem[ 7 ] 8257542
		mem[ 8 ] 2949125
		mem[ 9 ] 17170433
		mem[ 10 ] 655361
		mem[ 11 ] 1179650
		mem[ 12 ] 8847379
		mem[ 13 ] 2555908
		mem[ 14 ] 16842741
		mem[ 15 ] 25165824
		mem[ 16 ] 1103
		mem[ 17 ] 7043
		mem[ 18 ] 16
		mem[ 19 ] -1
		mem[ 20 ] 1
	registers:
		reg[ 0 ] 0
		reg[ 1 ] 3309
		reg[ 2 ] 4412
		reg[ 3 ] 7043
		reg[ 4 ] 14
		reg[ 5 ] 4
		reg[ 6 ] 2
		reg[ 7 ] -1
end state

@@@
state:
	pc 5
	memory:
		mem[ 0 ] 8519696
		mem[ 1 ] 8585233
		mem[ 2 ] 8650770
		mem[ 3 ] 8716308
		mem[ 4 ] 17039370
		mem[ 5 ] 5963782
		mem[ 6 ] 7143431
		mem[ 7 ] 8257542
		mem[ 8 ] 2949125
		mem[ 9 ] 17170433
		mem[ 10 ] 655361
		mem[ 11 ] 1179650
		mem[ 12 ] 8847379
		mem[ 13 ] 2555908
		mem[ 14 ] 16842741
		mem[ 15 ] 25165824
		mem[ 16 ] 1103
		mem[ 17 ] 7043
		mem[ 18 ] 16
		mem[ 19 ] -1
		mem[ 20 ] 1
	registers:
		reg[ 0 ] 0
		reg[ 1 ] 3309
		reg[ 2 ] 4412
		reg[ 3 ] 7043
		reg[ 4 ] 14
		reg[ 5 ] 4
		reg[ 6 ] 2
		reg[ 7 ] -1
end state

@@@
state:
	pc 6
	memory:
		mem[ 0 ] 8519696
		mem[ 1 ] 8585233
		mem[ 2 ] 8650770
		mem[ 3 ] 8716308
		mem[ 4 ] 17039370
		mem[ 5 ] 5963782
		mem[ 6 ] 7143431
		mem[ 7 ] 8257542
		mem[ 8 ] 2949125
		mem[ 9 ] 17170433
		mem[ 10 ] 655361
		mem[ 11 ] 1179650
		mem[ 12 ] 8847379
		mem[ 13 ] 2555908
		mem[ 14 ] 16842741
		mem[ 15 ] 25165824
		mem[ 16 ] 1103
		mem[ 17 ] 7043
		mem[ 18 ] 16
		mem[ 19 ] -1
		mem[ 20 ] 1
	registers:
		reg[ 0 ] 0
		reg[ 1 ] 3309
		reg[ 2 ] 4412
		reg[ 3 ] 7043
		reg[ 4 ] 14
		reg[ 5 ] 4
		reg[ 6 ] -7044
		reg[ 7 ] -1
end state

@@@
state:
	pc 7
	memory:
		mem[ 0 ] 8519696
		mem[ 1 ] 8585233
		mem[ 2 ] 8650770
		mem[ 3 ] 8716308
		mem[ 4 ] 17039370
		mem[ 5 ] 5963782
		mem[ 6 ] 7143431
		mem[ 7 ] 8257542
		mem[ 8 ] 2949125
		mem[ 9 ] 17170433
		mem[ 10 ] 655361
		mem[ 11 ] 1179650
		mem[ 12 ] 8847379
		mem[ 13 ] 2555908
		mem[ 14 ] 16842741
		mem[ 15 ] 25165824
		mem[ 16 ] 1103
		mem[ 17 ] 7043
		mem[ 18 ] 16
		mem[ 19 ] -1
		mem[ 20 ] 1
	registers:
		reg[ 0 ] 0
		reg[ 1 ] 3309
		reg[ 2 ] 4412
		reg[ 3 ] 7043
		reg[ 4 ] 14
		reg[ 5 ] 4
		reg[ 6 ] -7044
		reg[ 7 ] -5
end state

@@@
state:
	pc 8
	memory:
		mem[ 0 ] 8519696
		mem[ 1 ] 8585233
		mem[ 2 ] 8650770
		mem[ 3 ] 8716308
		mem[ 4 ] 17039370
		mem[ 5 ] 5963782
		mem[ 6 ] 7143431
		mem[ 7 ] 8257542
		mem[ 8 ] 2949125
		mem[ 9 ] 17170433
		mem[ 10 ] 655361
		mem[ 11 ] 1179650
		mem[ 12 ] 8847379
		mem[ 13 ] 2555908
		mem[ 14 ] 16842741
		mem[ 15 ] 25165824
		mem[ 16 ] 1103
		mem[ 17 ] 7043
		mem[ 18 ] 16
		mem[ 19 ] -1
		mem[ 20 ] 1
	registers:
		reg[ 0 ] 0
		reg[ 1 ] 3309
		reg[ 2 ] 4412
		reg[ 3 ] 7043
		reg[ 4 ] 14
		reg[ 5 ] 4
		reg[ 6 ] 0
		reg[ 7 ] -5
end state

@@@
state:
	pc 9
	memory:
		mem[ 0 ] 8519696
		mem[ 1 ] 8585233
		mem[ 2 ] 8650770
		mem[ 3 ] 8716308
		mem[ 4 ] 17039370
		mem[ 5 ] 5963782
		mem[ 6 ] 7143431
		mem[ 7 ] 8257542
		mem[ 8 ] 2949125
		mem[ 9 ] 17170433
		mem[ 10 ] 655361
		mem[ 11 ] 1179650
		mem[ 12 ] 8847379
		mem[ 13 ] 2555908
		mem[ 14 ] 16842741
		mem[ 15 ] 25165824
		mem[ 16 ] 1103
		mem[ 17 ] 7043
		mem[ 18 ] 16
		mem[ 19 ] -1
		mem[ 20 ] 1
	registers:
		reg[ 0 ] 0
		reg[ 1 ] 3309
		reg[ 2 ] 4412
		reg[ 3 ] 7043
		reg[ 4 ] 14
		reg[ 5 ] 8
		reg[ 6 ] 0
		reg[ 7 ] -5
end state

@@@
state:
	pc 11
	memory:
		mem[ 0 ] 8519696
		mem[ 1 ] 8585233
		mem[ 2 ] 8650770
		mem[ 3 ] 8716308
		mem[ 4 ] 17039370
		mem[ 5 ] 5963782
		mem[ 6 ] 7143431
		mem[ 7 ] 8257542
		mem[ 8 ] 2949125
		mem[ 9 ] 17170433
		mem[ 10 ] 655361
		mem[ 11 ] 1179650
		mem[ 12 ] 8847379
		mem[ 13 ] 2555908
		mem[ 14 ] 16842741
		mem[ 15 ] 25165824
		mem[ 16 ] 1103
		mem[ 17 ] 7043
		mem[ 18 ] 16
		mem[ 19 ] -1
		mem[ 20 ] 1
	registers:
		reg[ 0 ] 0
		reg[ 1 ] 3309
		reg[ 2 ] 4412
		reg[ 3 ] 7043
		reg[ 4 ] 14
		reg[ 5 ] 8
		reg[ 6 ] 0
		reg[ 7 ] -5
end state

@@@
state:
	pc 12
	memory:
		mem[ 0 ] 8519696
		mem[ 1 ] 8585233
		mem[ 2 ] 8650770
		mem[ 3 ] 8716308
		mem[ 4 ] 17039370
		mem[ 5 ] 5963782
		mem[ 6 ] 7143431
		mem[ 7 ] 8257542
		mem[ 8 ] 2949125
		mem[ 9 ] 17170433
		mem[ 10 ] 655361
		mem[ 11 ] 1179650
		mem[ 12 ] 8847379
		mem[ 13 ] 2555908
		mem[ 14 ] 16842741
		mem[ 15 ] 25165824
		mem[ 16 ] 1103
		mem[ 17 ] 7043
		mem[ 18 ] 16
		mem[ 19 ] -1
		mem[ 20 ] 1
	registers:
		reg[ 0 ] 0
		reg[ 1 ] 3309
		reg[ 2 ] 8824
		reg[ 3 ] 7043
		reg[ 4 ] 14
		reg[ 5 ] 8
		reg[ 6 ] 0
		reg[ 7 ] -5
end state

@@@
state:
	pc 13
	memory:
		mem[ 0 ] 8519696
		mem[ 1 ] 8585233
		mem[ 2 ] 8650770
		mem[ 3 ] 8716308
		mem[ 4 ] 17039370
		mem[ 5 ] 5963782
		mem[ 6 ] 7143431
		mem[ 7 ] 8257542
		mem[ 8 ] 2949125
		mem[ 9 ] 17170433
		mem[ 10 ] 655361
		mem[ 11 ] 1179650
		mem[ 12 ] 8847379
		mem[ 13 ] 2555908
		mem[ 14 ] 16842741
		mem[ 15 ] 25165824
		mem[ 16 ] 1103
		mem[ 17 ] 7043
		mem[ 18 ] 16
		mem[ 19 ] -1
		mem[ 20 ] 1
	registers:
		reg[ 0 ] 0
		reg[ 1 ] 3309
		reg[ 2 ] 8824
		reg[ 3 ] 7043
		reg[ 4 ] 14
		reg[ 5 ] 8
		reg[ 6 ] 0
		reg[ 7 ] -1
end state

@@@
state:
	pc 14
	memory:
		mem[ 0 ] 8519696
		mem[ 1 ] 8585233
		mem[ 2 ] 8650770
		mem[ 3 ] 8716308
		mem[ 4 ] 17039370
		mem[ 5 ] 5963782
		mem[ 6 ] 7143431
		mem[ 7 ] 8257542
		mem[ 8 ] 2949125
		mem[ 9 ] 17170433
		mem[ 10 ] 655361
		mem[ 11 ] 1179650
		mem[ 12 ] 8847379
		mem[ 13 ] 2555908
		mem[ 14 ] 16842741
		mem[ 15 ] 25165824
		mem[ 16 ] 1103
		mem[ 17 ] 7043
		mem[ 18 ] 16
		mem[ 19 ] -1
		mem[ 20 ] 1
	registers:
		reg[ 0 ] 0
		reg[ 1 ] 3309
		reg[ 2 ] 8824
		reg[ 3 ] 7043
		reg[ 4 ] 13
		reg[ 5 ] 8
		reg[ 6 ] 0
		reg[ 7 ] -1
end state

@@@
state:
	pc 4
	memory:
		mem[ 0 ] 8519696
		mem[ 1 ] 8585233
		mem[ 2 ] 8650770
		mem[ 3 ] 8716308
		mem[ 4 ] 17039370
		mem[ 5 ] 5963782
		mem[ 6 ] 7143431
		mem[ 7 ] 8257542
		mem[ 8 ] 2949125
		mem[ 9 ] 17170433
		mem[ 10 ] 655361
		mem[ 11 ] 1179650
		mem[ 12 ] 8847379
		mem[ 13 ] 2555908
		mem[ 14 ] 16842741
		mem[ 15 ] 25165824
		mem[ 16 ] 1103
		mem[ 17 ] 7043
		mem[ 18 ] 16
		mem[ 19 ] -1
		mem[ 20 ] 1
	registers:
		reg[ 0 ] 0
		reg[ 1 ] 3309
		reg[ 2 ] 8824
		reg[ 3 ] 7043
		reg[ 4 ] 13
		reg[ 5 ] 8
		reg[ 6 ] 0
		reg[ 7 ] -1
end state

@@@
state:
	pc 5
	memory:
		mem[ 0 ] 8519696
		mem[ 1 ] 8585233
		mem[ 2 ] 8650770
		mem[ 3 ] 8716308
		mem[ 4 ] 17039370
		mem[ 5 ] 5963782
		mem[ 6 ] 7143431
		mem[ 7 ] 8257542
		mem[ 8 ] 2949125
		mem[ 9 ] 17170433
		mem[ 10 ] 655361
		mem[ 11 ] 1179650
		mem[ 12 ] 8847379
		mem[ 13 ] 2555908
		mem[ 14 ] 16842741
		mem[ 15 ] 25165824
		mem[ 16 ] 1103
		mem[ 17 ] 7043
		mem[ 18 ] 16
		mem[ 19 ] -1
		mem[ 20 ] 1
	registers:
		reg[ 0 ] 0
		reg[ 1 ] 3309
		reg[ 2 ] 8824
		reg[ 3 ] 7043
		reg[ 4 ] 13
		reg[ 5 ] 8
		reg[ 6 ] 0
		reg[ 7 ] -1
end state

@@@
state:
	pc 6
	memory:
		mem[ 0 ] 8519696
		mem[ 1 ] 8585233
		mem[ 2 ] 8650770
		mem[ 3 ] 8716308
		mem[ 4 ] 17039370
		mem[ 5 ] 5963782
		mem[ 6 ] 7143431
		mem[ 7 ] 8257542
		mem[ 8 ] 2949125
		mem[ 9 ] 17170433
		mem[ 10 ] 655361
		mem[ 11 ] 1179650
		mem[ 12 ] 8847379
		mem[ 13 ] 2555908
		mem[ 14 ] 16842741
		mem[ 15 ] 25165824
		mem[ 16 ] 1103
		mem[ 17 ] 7043
		mem[ 18 ] 16
		mem[ 19 ] -1
		mem[ 20 ] 1
	registers:
		reg[ 0 ] 0
		reg[ 1 ] 3309
		reg[ 2 ] 8824
		reg[ 3 ] 7043
		reg[ 4 ] 13
		reg[ 5 ] 8
		reg[ 6 ] -7044
		reg[ 7 ] -1
end state

@@@
state:
	pc 7
	memory:
		mem[ 0 ] 8519696
		mem[ 1 ] 8585233
		mem[ 2 ] 8650770
		mem[ 3 ] 8716308
		mem[ 4 ] 17039370
		mem[ 5 ] 5963782
		mem[ 6 ] 7143431
		mem[ 7 ] 8257542
		mem[ 8 ] 2949125
		mem[ 9 ] 17170433
		mem[ 10 ] 655361
		mem[ 11 ] 1179650
		mem[ 12 ] 8847379
		mem[ 13 ] 2555908
		mem[ 14 ] 16842741
		mem[ 15 ] 25165824
		mem[ 16 ] 1103
		mem[ 17 ] 7043
		mem[ 18 ] 16
		mem[ 19 ] -1
		mem[ 20 ] 1
	registers:
		reg[ 0 ] 0
		reg[ 1 ] 3309
		reg[ 2 ] 8824
		reg[ 3 ] 7043
		reg[ 4 ] 13
		reg[ 5 ] 8
		reg[ 6 ] -7044
		reg[ 7 ] -9
end state

@@@
state:
	pc 8
	memory:
		mem[ 0 ] 8519696
		mem[ 1 ] 8585233
		mem[ 2 ] 8650770
		mem[ 3 ] 8716308
		mem[ 4 ] 17039370
		mem[ 5 ] 5963782
		mem[ 6 ] 7143431
		mem[ 7 ] 8257542
		mem[ 8 ] 2949125
		mem[ 9 ] 17170433
		mem[ 10 ] 655361
		mem[ 11 ] 1179650
		mem[ 12 ] 8847379
		mem[ 13 ] 2555908
		mem[ 14 ] 16842741
		mem[ 15 ] 25165824
		mem[ 16 ] 1103
		mem[ 17 ] 7043
		mem[ 18 ] 16
		mem[ 19 ] -1
		mem[ 20 ] 1
	registers:
		reg[ 0 ] 0
		reg[ 1 ] 3309
		reg[ 2 ] 8824
		reg[ 3 ] 7043
		reg[ 4 ] 13
		reg[ 5 ] 8
		reg[ 6 ] 0
		reg[ 7 ] -9
end state

@@@
state:
	pc 9
	memory:
		mem[ 0 ] 8519696
		mem[ 1 ] 8585233
		mem[ 2 ] 8650770
		mem[ 3 ] 8716308
		mem[ 4 ] 17039370
		mem[ 5 ] 5963782
		mem[ 6 ] 7143431
		mem[ 7 ] 8257542
		mem[ 8 ] 2949125
		mem[ 9 ] 17170433
		mem[ 10 ] 655361
		mem[ 11 ] 1179650
		mem[ 12 ] 8847379
		mem[ 13 ] 2555908
		mem[ 14 ] 16842741
		mem[ 15 ] 25165824
		mem[ 16 ] 1103
		mem[ 17 ] 7043
		mem[ 18 ] 16
		mem[ 19 ] -1
		mem[ 20 ] 1
	registers:
		reg[ 0 ] 0
		reg[ 1 ] 3309
		reg[ 2 ] 8824
		reg[ 3 ] 7043
		reg[ 4 ] 13
		reg[ 5 ] 16
		reg[ 6 ] 0
		reg[ 7 ] -9
end state

@@@
state:
	pc 11
	memory:
		mem[ 0 ] 8519696
		mem[ 1 ] 8585233
		mem[ 2 ] 8650770
		mem[ 3 ] 8716308
		mem[ 4 ] 17039370
		mem[ 5 ] 5963782
		mem[ 6 ] 7143431
		mem[ 7 ] 8257542
		mem[ 8 ] 2949125
		mem[ 9 ] 17170433
		mem[ 10 ] 655361
		mem[ 11 ] 1179650
		mem[ 12 ] 8847379
		mem[ 13 ] 2555908
		mem[ 14 ] 16842741
		mem[ 15 ] 25165824
		mem[ 16 ] 1103
		mem[ 17 ] 7043
		mem[ 18 ] 16
		mem[ 19 ] -1
		mem[ 20 ] 1
	registers:
		reg[ 0 ] 0
		reg[ 1 ] 3309
		reg[ 2 ] 8824
		reg[ 3 ] 7043
		reg[ 4 ] 13
		reg[ 5 ] 16
		reg[ 6 ] 0
		reg[ 7 ] -9
end state

@@@
state:
	pc 12
	memory:
		mem[ 0 ] 8519696
		mem[ 1 ] 8585233
		mem[ 2 ] 8650770
		mem[ 3 ] 8716308
		mem[ 4 ] 17039370
		mem[ 5 ] 5963782
		mem[ 6 ] 7143431
		mem[ 7 ] 8257542
		mem[ 8 ] 2949125
		mem[ 9 ] 17170433
		mem[ 10 ] 655361
		mem[ 11 ] 1179650
		mem[ 12 ] 8847379
		mem[ 13 ] 2555908
		mem[ 14 ] 16842741
		mem[ 15 ] 25165824
		mem[ 16 ] 1103
		mem[ 17 ] 7043
		mem[ 18 ] 16
		mem[ 19 ] -1
		mem[ 20 ] 1
	registers:
		reg[ 0 ] 0
		reg[ 1 ] 3309
		reg[ 2 ] 17648
		reg[ 3 ] 7043
		reg[ 4 ] 13
		reg[ 5 ] 16
		reg[ 6 ] 0
		reg[ 7 ] -9
end state

@@@
state:
	pc 13
	memory:
		mem[ 0 ] 8519696
		mem[ 1 ] 8585233
		mem[ 2 ] 8650770
		mem[ 3 ] 8716308
		mem[ 4 ] 17039370
		mem[ 5 ] 5963782
		mem[ 6 ] 7143431
		mem[ 7 ] 8257542
		mem[ 8 ] 2949125
		mem[ 9 ] 17170433
		mem[ 10 ] 655361
		mem[ 11 ] 1179650
		mem[ 12 ] 8847379
		mem[ 13 ] 2555908
		mem[ 14 ] 16842741
		mem[ 15 ] 25165824
		mem[ 16 ] 1103
		mem[ 17 ] 7043
		mem[ 18 ] 16
		mem[ 19 ] -1
		mem[ 20 ] 1
	registers:
		reg[ 0 ] 0
		reg[ 1 ] 3309
		reg[ 2 ] 17648
		reg[ 3 ] 7043
		reg[ 4 ] 13
		reg[ 5 ] 16
		reg[ 6 ] 0
		reg[ 7 ] -1
end state

@@@
state:
	pc 14
	memory:
		mem[ 0 ] 8519696
		mem[ 1 ] 8585233
		mem[ 2 ] 8650770
		mem[ 3 ] 8716308
		mem[ 4 ] 17039370
		mem[ 5 ] 5963782
		mem[ 6 ] 7143431
		mem[ 7 ] 8257542
		mem[ 8 ] 2949125
		mem[ 9 ] 17170433
		mem[ 10 ] 655361
		mem[ 11 ] 1179650
		mem[ 12 ] 8847379
		mem[ 13 ] 2555908
		mem[ 14 ] 16842741
		mem[ 15 ] 25165824
		mem[ 16 ] 1103
		mem[ 17 ] 7043
		mem[ 18 ] 16
		mem[ 19 ] -1
		mem[ 20 ] 1
	registers:
		reg[ 0 ] 0
		reg[ 1 ] 3309
		reg[ 2 ] 17648
		reg[ 3 ] 7043
		reg[ 4 ] 12
		reg[ 5 ] 16
		reg[ 6 ] 0
		reg[ 7 ] -1
end state

@@@
state:
	pc 4
	memory:
		mem[ 0 ] 8519696
		mem[ 1 ] 8585233
		mem[ 2 ] 8650770
		mem[ 3 ] 8716308
		mem[ 4 ] 17039370
		mem[ 5 ] 5963782
		mem[ 6 ] 7143431
		mem[ 7 ] 8257542
		mem[ 8 ] 2949125
		mem[ 9 ] 17170433
		mem[ 10 ] 655361
		mem[ 11 ] 1179650
		mem[ 12 ] 8847379
		mem[ 13 ] 2555908
		mem[ 14 ] 16842741
		mem[ 15 ] 25165824
		mem[ 16 ] 1103
		mem[ 17 ] 7043
		mem[ 18 ] 16
		mem[ 19 ] -1
		mem[ 20 ] 1
	registers:
		reg[ 0 ] 0
		reg[ 1 ] 3309
		reg[ 2 ] 17648
		reg[ 3 ] 7043
		reg[ 4 ] 12
		reg[ 5 ] 16
		reg[ 6 ] 0
		reg[ 7 ] -1
end state

@@@
state:
	pc 5
	memory:
		mem[ 0 ] 8519696
		mem[ 1 ] 8585233
		mem[ 2 ] 8650770
		mem[ 3 ] 8716308
		mem[ 4 ] 17039370
		mem[ 5 ] 5963782
		mem[ 6 ] 7143431
		mem[ 7 ] 8257542
		mem[ 8 ] 2949125
		mem[ 9 ] 17170433
		mem[ 10 ] 655361
		mem[ 11 ] 1179650
		mem[ 12 ] 8847379
		mem[ 13 ] 2555908
		mem[ 14 ] 16842741
		mem[ 15 ] 25165824
		mem[ 16 ] 1103
		mem[ 17 ] 7043
		mem[ 18 ] 16
		mem[ 19 ] -1
		mem[ 20 ] 1
	registers:
		reg[ 0 ] 0
		reg[ 1 ] 3309
		reg[ 2 ] 17648
		reg[ 3 ] 7043
		reg[ 4 ] 12
		reg[ 5 ] 16
		reg[ 6 ] 0
		reg[ 7 ] -1
end state

@@@
state:
	pc 6
	memory:
		mem[ 0 ] 8519696
		mem[ 1 ] 8585233
		mem[ 2 ] 8650770
		mem[ 3 ] 8716308
		mem[ 4 ] 17039370
		mem[ 5 ] 5963782
		mem[ 6 ] 7143431
		mem[ 7 ] 8257542
		mem[ 8 ] 2949125
		mem[ 9 ] 17170433
		mem[ 10 ] 655361
		mem[ 11 ] 1179650
		mem[ 12 ] 8847379
		mem[ 13 ] 2555908
		mem[ 14 ] 16842741
		mem[ 15 ] 25165824
		mem[ 16 ] 1103
		mem[ 17 ] 7043
		mem[ 18 ] 16
		mem[ 19 ] -1
		mem[ 20 ] 1
	registers:
		reg[ 0 ] 0
		reg[ 1 ] 3309
		reg[ 2 ] 17648
		reg[ 3 ] 7043
		reg[ 4 ] 12
		reg[ 5 ] 16
		reg[ 6 ] -7044
		reg[ 7 ] -1
end state

@@@
state:
	pc 7
	memory:
		mem[ 0 ] 8519696
		mem[ 1 ] 8585233
		mem[ 2 ] 8650770
		mem[ 3 ] 8716308
		mem[ 4 ] 17039370
		mem[ 5 ] 5963782
		mem[ 6 ] 7143431
		mem[ 7 ] 8257542
		mem[ 8 ] 2949125
		mem[ 9 ] 17170433
		mem[ 10 ] 655361
		mem[ 11 ] 1179650
		mem[ 12 ] 8847379
		mem[ 13 ] 2555908
		mem[ 14 ] 16842741
		mem[ 15 ] 25165824
		mem[ 16 ] 1103
		mem[ 17 ] 7043
		mem[ 18 ] 16
		mem[ 19 ] -1
		mem[ 20 ] 1
	registers:
		reg[ 0 ] 0
		reg[ 1 ] 3309
		reg[ 2 ] 17648
		reg[ 3 ] 7043
		reg[ 4 ] 12
		reg[ 5 ] 16
		reg[ 6 ] -7044
		reg[ 7 ] -17
end state

@@@
state:
	pc 8
	memory:
		mem[ 0 ] 8519696
		mem[ 1 ] 8585233
		mem[ 2 ] 8650770
		mem[ 3 ] 8716308
		mem[ 4 ] 17039370
		mem[ 5 ] 5963782
		mem[ 6 ] 7143431
		mem[ 7 ] 8257542
		mem[ 8 ] 2949125
		mem[ 9 ] 17170433
		mem[ 10 ] 655361
		mem[ 11 ] 1179650
		mem[ 12 ] 8847379
		mem[ 13 ] 2555908
		mem[ 14 ] 16842741
		mem[ 15 ] 25165824
		mem[ 16 ] 1103
		mem[ 17 ] 7043
		mem[ 18 ] 16
		mem[ 19 ] -1
		mem[ 20 ] 1
	registers:
		reg[ 0 ] 0
		reg[ 1 ] 3309
		reg[ 2 ] 17648
		reg[ 3 ] 7043
		reg[ 4 ] 12
		reg[ 5 ] 16
		reg[ 6 ] 0
		reg[ 7 ] -17
end state

@@@
state:
	pc 9
	memory:
		mem[ 0 ] 8519696
		mem[ 1 ] 8585233
		mem[ 2 ] 8650770
		mem[ 3 ] 8716308
		mem[ 4 ] 17039370
		mem[ 5 ] 5963782
		mem[ 6 ] 7143431
		mem[ 7 ] 8257542
		mem[ 8 ] 2949125
		mem[ 9 ] 17170433
		mem[ 10 ] 655361
		mem[ 11 ] 1179650
		mem[ 12 ] 8847379
		mem[ 13 ] 2555908
		mem[ 14 ] 16842741
		mem[ 15 ] 25165824
		mem[ 16 ] 1103
		mem[ 17 ] 7043
		mem[ 18 ] 16
		mem[ 19 ] -1
		mem[ 20 ] 1
	registers:
		reg[ 0 ] 0
		reg[ 1 ] 3309
		reg[ 2 ] 17648
		reg[ 3 ] 7043
		reg[ 4 ] 12
		reg[ 5 ] 32
		reg[ 6 ] 0
		reg[ 7 ] -17
end state

@@@
state:
	pc 11
	memory:
		mem[ 0 ] 8519696
		mem[ 1 ] 8585233
		mem[ 2 ] 8650770
		mem[ 3 ] 8716308
		mem[ 4 ] 17039370
		mem[ 5 ] 5963782
		mem[ 6 ] 7143431
		mem[ 7 ] 8257542
		mem[ 8 ] 2949125
		mem[ 9 ] 17170433
		mem[ 10 ] 655361
		mem[ 11 ] 1179650
		mem[ 12 ] 8847379
		mem[ 13 ] 2555908
		mem[ 14 ] 16842741
		mem[ 15 ] 25165824
		mem[ 16 ] 1103
		mem[ 17 ] 7043
		mem[ 18 ] 16
		mem[ 19 ] -1
		mem[ 20 ] 1
	registers:
		reg[ 0 ] 0
		reg[ 1 ] 3309
		reg[ 2 ] 17648
		reg[ 3 ] 7043
		reg[ 4 ] 12
		reg[ 5 ] 32
		reg[ 6 ] 0
		reg[ 7 ] -17
end state

@@@
state:
	pc 12
	memory:
		mem[ 0 ] 8519696
		mem[ 1 ] 8585233
		mem[ 2 ] 8650770
		mem[ 3 ] 8716308
		mem[ 4 ] 17039370
		mem[ 5 ] 5963782
		mem[ 6 ] 7143431
		mem[ 7 ] 8257542
		mem[ 8 ] 2949125
		mem[ 9 ] 17170433
		mem[ 10 ] 655361
		mem[ 11 ] 1179650
		mem[ 12 ] 8847379
		mem[ 13 ] 2555908
		mem[ 14 ] 16842741
		mem[ 15 ] 25165824
		mem[ 16 ] 1103
		mem[ 17 ] 7043
		mem[ 18 ] 16
		mem[ 19 ] -1
		mem[ 20 ] 1
	registers:
		reg[ 0 ] 0
		reg[ 1 ] 3309
		reg[ 2 ] 35296
		reg[ 3 ] 7043
		reg[ 4 ] 12
		reg[ 5 ] 32
		reg[ 6 ] 0
		reg[ 7 ] -17
end state

@@@
state:
	pc 13
	memory:
		mem[ 0 ] 8519696
		mem[ 1 ] 8585233
		mem[ 2 ] 8650770
		mem[ 3 ] 8716308
		mem[ 4 ] 17039370
		mem[ 5 ] 5963782
		mem[ 6 ] 7143431
		mem[ 7 ] 8257542
		mem[ 8 ] 2949125
		mem[ 9 ] 17170433
		mem[ 10 ] 655361
		mem[ 11 ] 1179650
		mem[ 12 ] 8847379
		mem[ 13 ] 2555908
		mem[ 14 ] 16842741
		mem[ 15 ] 25165824
		mem[ 16 ] 1103
		mem[ 17 ] 7043
		mem[ 18 ] 16
		mem[ 19 ] -1
		mem[ 20 ] 1
	registers:
		reg[ 0 ] 0
		reg[ 1 ] 3309
		reg[ 2 ] 35296
		reg[ 3 ] 7043
		reg[ 4 ] 12
		reg[ 5 ] 32
		reg[ 6 ] 0
		reg[ 7 ] -1
end state

@@@
state:
	pc 14
	memory:
		mem[ 0 ] 8519696
		mem[ 1 ] 8585233
		mem[ 2 ] 8650770
		mem[ 3 ] 8716308
		mem[ 4 ] 17039370
		mem[ 5 ] 5963782
		mem[ 6 ] 7143431
		mem[ 7 ] 8257542
		mem[ 8 ] 2949125
		mem[ 9 ] 17170433
		mem[ 10 ] 655361
		mem[ 11 ] 1179650
		mem[ 12 ] 8847379
		mem[ 13 ] 2555908
		mem[ 14 ] 16842741
		mem[ 15 ] 25165824
		mem[ 16 ] 1103
		mem[ 17 ] 7043
		mem[ 18 ] 16
		mem[ 19 ] -1
		mem[ 20 ] 1
	registers:
		reg[ 0 ] 0
		reg[ 1 ] 3309
		reg[ 2 ] 35296
		reg[ 3 ] 7043
		reg[ 4 ] 11
		reg[ 5 ] 32
		reg[ 6 ] 0
		reg[ 7 ] -1
end state

@@@
state:
	pc 4
	memory:
		mem[ 0 ] 8519696
		mem[ 1 ] 8585233
		mem[ 2 ] 8650770
		mem[ 3 ] 8716308
		mem[ 4 ] 17039370
		mem[ 5 ] 5963782
		mem[ 6 ] 7143431
		mem[ 7 ] 8257542
		mem[ 8 ] 2949125
		mem[ 9 ] 17170433
		mem[ 10 ] 655361
		mem[ 11 ] 1179650
		mem[ 12 ] 8847379
		mem[ 13 ] 2555908
		mem[ 14 ] 16842741
		mem[ 15 ] 25165824
		mem[ 16 ] 1103
		mem[ 17 ] 7043
		mem[ 18 ] 16
		mem[ 19 ] -1
		mem[ 20 ] 1
	registers:
		reg[ 0 ] 0
		reg[ 1 ] 3309
		reg[ 2 ] 35296
		reg[ 3 ] 7043
		reg[ 4 ] 11
		reg[ 5 ] 32
		reg[ 6 ] 0
		reg[ 7 ] -1
end state

@@@
state:
	pc 5
	memory:
		mem[ 0 ] 8519696
		mem[ 1 ] 8585233
		mem[ 2 ] 8650770
		mem[ 3 ] 8716308
		mem[ 4 ] 17039370
		mem[ 5 ] 5963782
		mem[ 6 ] 7143431
		mem[ 7 ] 8257542
		mem[ 8 ] 2949125
		mem[ 9 ] 17170433
		mem[ 10 ] 655361
		mem[ 11 ] 1179650
		mem[ 12 ] 8847379
		mem[ 13 ] 2555908
		mem[ 14 ] 16842741
		mem[ 15 ] 25165824
		mem[ 16 ] 1103
		mem[ 17 ] 7043
		mem[ 18 ] 16
		mem[ 19 ] -1
		mem[ 20 ] 1
	registers:
		reg[ 0 ] 0
		reg[ 1 ] 3309
		reg[ 2 ] 35296
		reg[ 3 ] 7043
		reg[ 4 ] 11
		reg[ 5 ] 32
		reg[ 6 ] 0
		reg[ 7 ] -1
end state

@@@
state:
	pc 6
	memory:
		mem[ 0 ] 8519696
		mem[ 1 ] 8585233
		mem[ 2 ] 8650770
		mem[ 3 ] 8716308
		mem[ 4 ] 17039370
		mem[ 5 ] 5963782
		mem[ 6 ] 7143431
		mem[ 7 ] 8257542
		mem[ 8 ] 2949125
		mem[ 9 ] 17170433
		mem[ 10 ] 655361
		mem[ 11 ] 1179650
		mem[ 12 ] 8847379
		mem[ 13 ] 2555908
		mem[ 14 ] 16842741
		mem[ 15 ] 25165824
		mem[ 16 ] 1103
		mem[ 17 ] 7043
		mem[ 18 ] 16
		mem[ 19 ] -1
		mem[ 20 ] 1
	registers:
		reg[ 0 ] 0
		reg[ 1 ] 3309
		reg[ 2 ] 35296
		reg[ 3 ] 7043
		reg[ 4 ] 11
		reg[ 5 ] 32
		reg[ 6 ] -7044
		reg[ 7 ] -1
end state

@@@
state:
	pc 7
	memory:
		mem[ 0 ] 8519696
		mem[ 1 ] 8585233
		mem[ 2 ] 8650770
		mem[ 3 ] 8716308
		mem[ 4 ] 17039370
		mem[ 5 ] 5963782
		mem[ 6 ] 7143431
		mem[ 7 ] 8257542
		mem[ 8 ] 2949125
		mem[ 9 ] 17170433
		mem[ 10 ] 655361
		mem[ 11 ] 1179650
		mem[ 12 ] 8847379
		mem[ 13 ] 2555908
		mem[ 14 ] 16842741
		mem[ 15 ] 25165824
		mem[ 16 ] 1103
		mem[ 17 ] 7043
		mem[ 18 ] 16
		mem[ 19 ] -1
		mem[ 20 ] 1
	registers:
		reg[ 0 ] 0
		reg[ 1 ] 3309
		reg[ 2 ] 35296
		reg[ 3 ] 7043
		reg[ 4 ] 11
		reg[ 5 ] 32
		reg[ 6 ] -7044
		reg[ 7 ] -33
end state

@@@
state:
	pc 8
	memory:
		mem[ 0 ] 8519696
		mem[ 1 ] 8585233
		mem[ 2 ] 8650770
		mem[ 3 ] 8716308
		mem[ 4 ] 17039370
		mem[ 5 ] 5963782
		mem[ 6 ] 7143431
		mem[ 7 ] 8257542
		mem[ 8 ] 2949125
		mem[ 9 ] 17170433
		mem[ 10 ] 655361
		mem[ 11 ] 1179650
		mem[ 12 ] 8847379
		mem[ 13 ] 2555908
		mem[ 14 ] 16842741
		mem[ 15 ] 25165824
		mem[ 16 ] 1103
		mem[ 17 ] 7043
		mem[ 18 ] 16
		mem[ 19 ] -1
		mem[ 20 ] 1
	registers:
		reg[ 0 ] 0
		reg[ 1 ] 3309
		reg[ 2 ] 35296
		reg[ 3 ] 7043
		reg[ 4 ] 11
		reg[ 5 ] 32
		reg[ 6 ] 0
		reg[ 7 ] -33
end state

@@@
state:
	pc 9
	memory:
		mem[ 0 ] 8519696
		mem[ 1 ] 8585233
		mem[ 2 ] 8650770
		mem[ 3 ] 8716308
		mem[ 4 ] 17039370
		mem[ 5 ] 5963782
		mem[ 6 ] 7143431
		mem[ 7 ] 8257542
		mem[ 8 ] 2949125
		mem[ 9 ] 17170433
		mem[ 10 ] 655361
		mem[ 11 ] 1179650
		mem[ 12 ] 8847379
		mem[ 13 ] 2555908
		mem[ 14 ] 16842741
		mem[ 15 ] 25165824
		mem[ 16 ] 1103
		mem[ 17 ] 7043
		mem[ 18 ] 16
		mem[ 19 ] -1
		mem[ 20 ] 1
	registers:
		reg[ 0 ] 0
		reg[ 1 ] 3309
		reg[ 2 ] 35296
		reg[ 3 ] 7043
		reg[ 4 ] 11
		reg[ 5 ] 64
		reg[ 6 ] 0
		reg[ 7 ] -33
end state

@@@
state:
	pc 11
	memory:
		mem[ 0 ] 8519696
		mem[ 1 ] 8585233
		mem[ 2 ] 8650770
		mem[ 3 ] 8716308
		mem[ 4 ] 17039370
		mem[ 5 ] 5963782
		mem[ 6 ] 7143431
		mem[ 7 ] 8257542
		mem[ 8 ] 2949125
		mem[ 9 ] 17170433
		mem[ 10 ] 655361
		mem[ 11 ] 1179650
		mem[ 12 ] 8847379
		mem[ 13 ] 2555908
		mem[ 14 ] 16842741
		mem[ 15 ] 25165824
		mem[ 16 ] 1103
		mem[ 17 ] 7043
		mem[ 18 ] 16
		mem[ 19 ] -1
		mem[ 20 ] 1
	registers:
		reg[ 0 ] 0
		reg[ 1 ] 3309
		reg[ 2 ] 35296
		reg[ 3 ] 7043
		reg[ 4 ] 11
		reg[ 5 ] 64
		reg[ 6 ] 0
		reg[ 7 ] -33
end state

@@@
state:
	pc 12
	memory:
		mem[ 0 ] 8519696
		mem[ 1 ] 8585233
		mem[ 2 ] 8650770
		mem[ 3 ] 8716308
		mem[ 4 ] 17039370
		mem[ 5 ] 5963782
		mem[ 6 ] 7143431
		mem[ 7 ] 8257542
		mem[ 8 ] 2949125
		mem[ 9 ] 17170433
		mem[ 10 ] 655361
		mem[ 11 ] 1179650
		mem[ 12 ] 8847379
		mem[ 13 ] 2555908
		mem[ 14 ] 16842741
		mem[ 15 ] 25165824
		mem[ 16 ] 1103
		mem[ 17 ] 7043
		mem[ 18 ] 16
		mem[ 19 ] -1
		mem[ 20 ] 1
	registers:
		reg[ 0 ] 0
		reg[ 1 ] 3309
		reg[ 2 ] 70592
		reg[ 3 ] 7043
		reg[ 4 ] 11
		reg[ 5 ] 64
		reg[ 6 ] 0
		reg[ 7 ] -33
end state

@@@
state:
	pc 13
	memory:
		mem[ 0 ] 8519696
		mem[ 1 ] 8585233
		mem[ 2 ] 8650770
		mem[ 3 ] 8716308
		mem[ 4 ] 17039370
		mem[ 5 ] 5963782
		mem[ 6 ] 7143431
		mem[ 7 ] 8257542
		mem[ 8 ] 2949125
		mem[ 9 ] 17170433
		mem[ 10 ] 655361
		mem[ 11 ] 1179650
		mem[ 12 ] 8847379
		mem[ 13 ] 2555908
		mem[ 14 ] 16842741
		mem[ 15 ] 25165824
		mem[ 16 ] 1103
		mem[ 17 ] 7043
		mem[ 18 ] 16
		mem[ 19 ] -1
		mem[ 20 ] 1
	registers:
		reg[ 0 ] 0
		reg[ 1 ] 3309
		reg[ 2 ] 70592
		reg[ 3 ] 7043
		reg[ 4 ] 11
		reg[ 5 ] 64
		reg[ 6 ] 0
		reg[ 7 ] -1
end state

@@@
state:
	pc 14
	memory:
		mem[ 0 ] 8519696
		mem[ 1 ] 8585233
		mem[ 2 ] 8650770
		mem[ 3 ] 8716308
		mem[ 4 ] 17039370
		mem[ 5 ] 5963782
		mem[ 6 ] 7143431
		mem[ 7 ] 8257542
		mem[ 8 ] 2949125
		mem[ 9 ] 17170433
		mem[ 10 ] 655361
		mem[ 11 ] 1179650
		mem[ 12 ] 8847379
		mem[ 13 ] 2555908
		mem[ 14 ] 16842741
		mem[ 15 ] 25165824
		mem[ 16 ] 1103
		mem[ 17 ] 7043
		mem[ 18 ] 16
		mem[ 19 ] -1
		mem[ 20 ] 1
	registers:
		reg[ 0 ] 0
		reg[ 1 ] 3309
		reg[ 2 ] 70592
		reg[ 3 ] 7043
		reg[ 4 ] 10
		reg[ 5 ] 64
		reg[ 6 ] 0
		reg[ 7 ] -1
end state

@@@
state:
	pc 4
	memory:
		mem[ 0 ] 8519696
		mem[ 1 ] 8585233
		mem[ 2 ] 8650770
		mem[ 3 ] 8716308
		mem[ 4 ] 17039370
		mem[ 5 ] 5963782
		mem[ 6 ] 7143431
		mem[ 7 ] 8257542
		mem[ 8 ] 2949125
		mem[ 9 ] 17170433
		mem[ 10 ] 655361
		mem[ 11 ] 1179650
		mem[ 12 ] 8847379
		mem[ 13 ] 2555908
		mem[ 14 ] 16842741
		mem[ 15 ] 25165824
		mem[ 16 ] 1103
		mem[ 17 ] 7043
		mem[ 18 ] 16
		mem[ 19 ] -1
		mem[ 20 ] 1
	registers:
		reg[ 0 ] 0
		reg[ 1 ] 3309
		reg[ 2 ] 70592
		reg[ 3 ] 7043
		reg[ 4 ] 10
		reg[ 5 ] 64
		reg[ 6 ] 0
		reg[ 7 ] -1
end state

@@@
state:
	pc 5
	memory:
		mem[ 0 ] 8519696
		mem[ 1 ] 8585233
		mem[ 2 ] 8650770
		mem[ 3 ] 8716308
		mem[ 4 ] 17039370
		mem[ 5 ] 5963782
		mem[ 6 ] 7143431
		mem[ 7 ] 8257542
		mem[ 8 ] 2949125
		mem[ 9 ] 17170433
		mem[ 10 ] 655361
		mem[ 11 ] 1179650
		mem[ 12 ] 8847379
		mem[ 13 ] 2555908
		mem[ 14 ] 16842741
		mem[ 15 ] 25165824
		mem[ 16 ] 1103
		mem[ 17 ] 7043
		mem[ 18 ] 16
		mem[ 19 ] -1
		mem[ 20 ] 1
	registers:
		reg[ 0 ] 0
		reg[ 1 ] 3309
		reg[ 2 ] 70592
		reg[ 3 ] 7043
		reg[ 4 ] 10
		reg[ 5 ] 64
		reg[ 6 ] 0
		reg[ 7 ] -1
end state

@@@
state:
	pc 6
	memory:
		mem[ 0 ] 8519696
		mem[ 1 ] 8585233
		mem[ 2 ] 8650770
		mem[ 3 ] 8716308
		mem[ 4 ] 17039370
		mem[ 5 ] 5963782
		mem[ 6 ] 7143431
		mem[ 7 ] 8257542
		mem[ 8 ] 2949125
		mem[ 9 ] 17170433
		mem[ 10 ] 655361
		mem[ 11 ] 1179650
		mem[ 12 ] 8847379
		mem[ 13 ] 2555908
		mem[ 14 ] 16842741
		mem[ 15 ] 25165824
		mem[ 16 ] 1103
		mem[ 17 ] 7043
		mem[ 18 ] 16
		mem[ 19 ] -1
		mem[ 20 ] 1
	registers:
		reg[ 0 ] 0
		reg[ 1 ] 3309
		reg[ 2 ] 70592
		reg[ 3 ] 7043
		reg[ 4 ] 10
		reg[ 5 ] 64
		reg[ 6 ] -7044
		reg[ 7 ] -1
end state

@@@
state:
	pc 7
	memory:
		mem[ 0 ] 8519696
		mem[ 1 ] 8585233
		mem[ 2 ] 8650770
		mem[ 3 ] 8716308
		mem[ 4 ] 17039370
		mem[ 5 ] 5963782
		mem[ 6 ] 7143431
		mem[ 7 ] 8257542
		mem[ 8 ] 2949125
		mem[ 9 ] 17170433
		mem[ 10 ] 655361
		mem[ 11 ] 1179650
		mem[ 12 ] 8847379
		mem[ 13 ] 2555908
		mem[ 14 ] 16842741
		mem[ 15 ] 25165824
		mem[ 16 ] 1103
		mem[ 17 ] 7043
		mem[ 18 ] 16
		mem[ 19 ] -1
		mem[ 20 ] 1
	registers:
		reg[ 0 ] 0
		reg[ 1 ] 3309
		reg[ 2 ] 70592
		reg[ 3 ] 7043
		reg[ 4 ] 10
		reg[ 5 ] 64
		reg[ 6 ] -7044
		reg[ 7 ] -65
end state

@@@
state:
	pc 8
	memory:
		mem[ 0 ] 8519696
		mem[ 1 ] 8585233
		mem[ 2 ] 8650770
		mem[ 3 ] 8716308
		mem[ 4 ] 17039370
		mem[ 5 ] 5963782
		mem[ 6 ] 7143431
		mem[ 7 ] 8257542
		mem[ 8 ] 2949125
		mem[ 9 ] 17170433
		mem[ 10 ] 655361
		mem[ 11 ] 1179650
		mem[ 12 ] 8847379
		mem[ 13 ] 2555908
		mem[ 14 ] 16842741
		mem[ 15 ] 25165824
		mem[ 16 ] 1103
		mem[ 17 ] 7043
		mem[ 18 ] 16
		mem[ 19 ] -1
		mem[ 20 ] 1
	registers:
		reg[ 0 ] 0
		reg[ 1 ] 3309
		reg[ 2 ] 70592
		reg[ 3 ] 7043
		reg[ 4 ] 10
		reg[ 5 ] 64
		reg[ 6 ] 0
		reg[ 7 ] -65
end state

@@@
state:
	pc 9
	memory:
		mem[ 0 ] 8519696
		mem[ 1 ] 8585233
		mem[ 2 ] 8650770
		mem[ 3 ] 8716308
		mem[ 4 ] 17039370
		mem[ 5 ] 5963782
		mem[ 6 ] 7143431
		mem[ 7 ] 8257542
		mem[ 8 ] 2949125
		mem[ 9 ] 17170433
		mem[ 10 ] 655361
		mem[ 11 ] 1179650
		mem[ 12 ] 8847379
		mem[ 13 ] 2555908
		mem[ 14 ] 16842741
		mem[ 15 ] 25165824
		mem[ 16 ] 1103
		mem[ 17 ] 7043
		mem[ 18 ] 16
		mem[ 19 ] -1
		mem[ 20 ] 1
	registers:
		reg[ 0 ] 0
		reg[ 1 ] 3309
		reg[ 2 ] 70592
		reg[ 3 ] 7043
		reg[ 4 ] 10
		reg[ 5 ] 128
		reg[ 6 ] 0
		reg[ 7 ] -65
end state

@@@
state:
	pc 11
	memory:
		mem[ 0 ] 8519696
		mem[ 1 ] 8585233
		mem[ 2 ] 8650770
		mem[ 3 ] 8716308
		mem[ 4 ] 17039370
		mem[ 5 ] 5963782
		mem[ 6 ] 7143431
		mem[ 7 ] 8257542
		mem[ 8 ] 2949125
		mem[ 9 ] 17170433
		mem[ 10 ] 655361
		mem[ 11 ] 1179650
		mem[ 12 ] 8847379
		mem[ 13 ] 2555908
		mem[ 14 ] 16842741
		mem[ 15 ] 25165824
		mem[ 16 ] 1103
		mem[ 17 ] 7043
		mem[ 18 ] 16
		mem[ 19 ] -1
		mem[ 20 ] 1
	registers:
		reg[ 0 ] 0
		reg[ 1 ] 3309
		reg[ 2 ] 70592
		reg[ 3 ] 7043
		reg[ 4 ] 10
		reg[ 5 ] 128
		reg[ 6 ] 0
		reg[ 7 ] -65
end state

@@@
state:
	pc 12
	memory:
		mem[ 0 ] 8519696
		mem[ 1 ] 8585233
		mem[ 2 ] 8650770
		mem[ 3 ] 8716308
		mem[ 4 ] 17039370
		mem[ 5 ] 5963782
		mem[ 6 ] 7143431
		mem[ 7 ] 8257542
		mem[ 8 ] 2949125
		mem[ 9 ] 17170433
		mem[ 10 ] 655361
		mem[ 11 ] 1179650
		mem[ 12 ] 8847379
		mem[ 13 ] 2555908
		mem[ 14 ] 16842741
		mem[ 15 ] 25165824
		mem[ 16 ] 1103
		mem[ 17 ] 7043
		mem[ 18 ] 16
		mem[ 19 ] -1
		mem[ 20 ] 1
	registers:
		reg[ 0 ] 0
		reg[ 1 ] 3309
		reg[ 2 ] 141184
		reg[ 3 ] 7043
		reg[ 4 ] 10
		reg[ 5 ] 128
		reg[ 6 ] 0
		reg[ 7 ] -65
end state

@@@
state:
	pc 13
	memory:
		mem[ 0 ] 8519696
		mem[ 1 ] 8585233
		mem[ 2 ] 8650770
		mem[ 3 ] 8716308
		mem[ 4 ] 17039370
		mem[ 5 ] 5963782
		mem[ 6 ] 7143431
		mem[ 7 ] 8257542
		mem[ 8 ] 2949125
		mem[ 9 ] 17170433
		mem[ 10 ] 655361
		mem[ 11 ] 1179650
		mem[ 12 ] 8847379
		mem[ 13 ] 2555908
		mem[ 14 ] 16842741
		mem[ 15 ] 25165824
		mem[ 16 ] 1103
		mem[ 17 ] 7043
		mem[ 18 ] 16
		mem[ 19 ] -1
		mem[ 20 ] 1
	registers:
		reg[ 0 ] 0
		reg[ 1 ] 3309
		reg[ 2 ] 141184
		reg[ 3 ] 7043
		reg[ 4 ] 10
		reg[ 5 ] 128
		reg[ 6 ] 0
		reg[ 7 ] -1
end state

@@@
state:
	pc 14
	memory:
		mem[ 0 ] 8519696
		mem[ 1 ] 8585233
		mem[ 2 ] 8650770
		mem[ 3 ] 8716308
		mem[ 4 ] 17039370
		mem[ 5 ] 5963782
		mem[ 6 ] 7143431
		mem[ 7 ] 8257542
		mem[ 8 ] 2949125
		mem[ 9 ] 17170433
		mem[ 10 ] 655361
		mem[ 11 ] 1179650
		mem[ 12 ] 8847379
		mem[ 13 ] 2555908
		mem[ 14 ] 16842741
		mem[ 15 ] 25165824
		mem[ 16 ] 1103
		mem[ 17 ] 7043
		mem[ 18 ] 16
		mem[ 19 ] -1
		mem[ 20 ] 1
	registers:
		reg[ 0 ] 0
		reg[ 1 ] 3309
		reg[ 2 ] 141184
		reg[ 3 ] 7043
		reg[ 4 ] 9
		reg[ 5 ] 128
		reg[ 6 ] 0
		reg[ 7 ] -1
end state

@@@
state:
	pc 4
	memory:
		mem[ 0 ] 8519696
		mem[ 1 ] 8585233
		mem[ 2 ] 8650770
		mem[ 3 ] 8716308
		mem[ 4 ] 17039370
		mem[ 5 ] 5963782
		mem[ 6 ] 7143431
		mem[ 7 ] 8257542
		mem[ 8 ] 2949125
		mem[ 9 ] 17170433
		mem[ 10 ] 655361
		mem[ 11 ] 1179650
		mem[ 12 ] 8847379
		mem[ 13 ] 2555908
		mem[ 14 ] 16842741
		mem[ 15 ] 25165824
		mem[ 16 ] 1103
		mem[ 17 ] 7043
		mem[ 18 ] 16
		mem[ 19 ] -1
		mem[ 20 ] 1
	registers:
		reg[ 0 ] 0
		reg[ 1 ] 3309
		reg[ 2 ] 141184
		reg[ 3 ] 7043
		reg[ 4 ] 9
		reg[ 5 ] 128
		reg[ 6 ] 0
		reg[ 7 ] -1
end state

@@@
state:
	pc 5
	memory:
		mem[ 0 ] 8519696
		mem[ 1 ] 8585233
		mem[ 2 ] 8650770
		mem[ 3 ] 8716308
		mem[ 4 ] 17039370
		mem[ 5 ] 5963782
		mem[ 6 ] 7143431
		mem[ 7 ] 8257542
		mem[ 8 ] 2949125
		mem[ 9 ] 17170433
		mem[ 10 ] 655361
		mem[ 11 ] 1179650
		mem[ 12 ] 8847379
		mem[ 13 ] 2555908
		mem[ 14 ] 16842741
		mem[ 15 ] 25165824
		mem[ 16 ] 1103
		mem[ 17 ] 7043
		mem[ 18 ] 16
		mem[ 19 ] -1
		mem[ 20 ] 1
	registers:
		reg[ 0 ] 0
		reg[ 1 ] 3309
		reg[ 2 ] 141184
		reg[ 3 ] 7043
		reg[ 4 ] 9
		reg[ 5 ] 128
		reg[ 6 ] 0
		reg[ 7 ] -1
end state

@@@
state:
	pc 6
	memory:
		mem[ 0 ] 8519696
		mem[ 1 ] 8585233
		mem[ 2 ] 8650770
		mem[ 3 ] 8716308
		mem[ 4 ] 17039370
		mem[ 5 ] 5963782
		mem[ 6 ] 7143431
		mem[ 7 ] 8257542
		mem[ 8 ] 2949125
		mem[ 9 ] 17170433
		mem[ 10 ] 655361
		mem[ 11 ] 1179650
		mem[ 12 ] 8847379
		mem[ 13 ] 2555908
		mem[ 14 ] 16842741
		mem[ 15 ] 25165824
		mem[ 16 ] 1103
		mem[ 17 ] 7043
		mem[ 18 ] 16
		mem[ 19 ] -1
		mem[ 20 ] 1
	registers:
		reg[ 0 ] 0
		reg[ 1 ] 3309
		reg[ 2 ] 141184
		reg[ 3 ] 7043
		reg[ 4 ] 9
		reg[ 5 ] 128
		reg[ 6 ] -7044
		reg[ 7 ] -1
end state

@@@
state:
	pc 7
	memory:
		mem[ 0 ] 8519696
		mem[ 1 ] 8585233
		mem[ 2 ] 8650770
		mem[ 3 ] 8716308
		mem[ 4 ] 17039370
		mem[ 5 ] 5963782
		mem[ 6 ] 7143431
		mem[ 7 ] 8257542
		mem[ 8 ] 2949125
		mem[ 9 ] 17170433
		mem[ 10 ] 655361
		mem[ 11 ] 1179650
		mem[ 12 ] 8847379
		mem[ 13 ] 2555908
		mem[ 14 ] 16842741
		mem[ 15 ] 25165824
		mem[ 16 ] 1103
		mem[ 17 ] 7043
		mem[ 18 ] 16
		mem[ 19 ] -1
		mem[ 20 ] 1
	registers:
		reg[ 0 ] 0
		reg[ 1 ] 3309
		reg[ 2 ] 141184
		reg[ 3 ] 7043
		reg[ 4 ] 9
		reg[ 5 ] 128
		reg[ 6 ] -7044
		reg[ 7 ] -129
end state

@@@
state:
	pc 8
	memory:
		mem[ 0 ] 8519696
		mem[ 1 ] 8585233
		mem[ 2 ] 8650770
		mem[ 3 ] 8716308
		mem[ 4 ] 17039370
		mem[ 5 ] 5963782
		mem[ 6 ] 7143431
		mem[ 7 ] 8257542
		mem[ 8 ] 2949125
		mem[ 9 ] 17170433
		mem[ 10 ] 655361
		mem[ 11 ] 1179650
		mem[ 12 ] 8847379
		mem[ 13 ] 2555908
		mem[ 14 ] 16842741
		mem[ 15 ] 25165824
		mem[ 16 ] 1103
		mem[ 17 ] 7043
		mem[ 18 ] 16
		mem[ 19 ] -1
		mem[ 20 ] 1
	registers:
		reg[ 0 ] 0
		reg[ 1 ] 3309
		reg[ 2 ] 141184
		reg[ 3 ] 7043
		reg[ 4 ] 9
		reg[ 5 ] 128
		reg[ 6 ] 128
		reg[ 7 ] -129
end state

@@@
state:
	pc 9
	memory:
		mem[ 0 ] 8519696
		mem[ 1 ] 8585233
		mem[ 2 ] 8650770
		mem[ 3 ] 8716308
		mem[ 4 ] 17039370
		mem[ 5 ] 5963782
		mem[ 6 ] 7143431
		mem[ 7 ] 8257542
		mem[ 8 ] 2949125
		mem[ 9 ] 17170433
		mem[ 10 ] 655361
		mem[ 11 ] 1179650
		mem[ 12 ] 8847379
		mem[ 13 ] 2555908
		mem[ 14 ] 16842741
		mem[ 15 ] 25165824
		mem[ 16 ] 1103
		mem[ 17 ] 7043
		mem[ 18 ] 16
		mem[ 19 ] -1
		mem[ 20 ] 1
	registers:
		reg[ 0 ] 0
		reg[ 1 ] 3309
		reg[ 2 ] 141184
		reg[ 3 ] 7043
		reg[ 4 ] 9
		reg[ 5 ] 256
		reg[ 6 ] 128
		reg[ 7 ] -129
end state

@@@
state:
	pc 10
	memory:
		mem[ 0 ] 8519696
		mem[ 1 ] 8585233
		mem[ 2 ] 8650770
		mem[ 3 ] 8716308
		mem[ 4 ] 17039370
		mem[ 5 ] 5963782
		mem[ 6 ] 7143431
		mem[ 7 ] 8257542
		mem[ 8 ] 2949125
		mem[ 9 ] 17170433
		mem[ 10 ] 655361
		mem[ 11 ] 1179650
		mem[ 12 ] 8847379
		mem[ 13 ] 2555908
		mem[ 14 ] 16842741
		mem[ 15 ] 25165824
		mem[ 16 ] 1103
		mem[ 17 ] 7043
		mem[ 18 ] 16
		mem[ 19 ] -1
		mem[ 20 ] 1
	registers:
		reg[ 0 ] 0
		reg[ 1 ] 3309
		reg[ 2 ] 141184
		reg[ 3 ] 7043
		reg[ 4 ] 9
		reg[ 5 ] 256
		reg[ 6 ] 128
		reg[ 7 ] -129
end state

@@@
state:
	pc 11
	memory:
		mem[ 0 ] 8519696
		mem[ 1 ] 8585233
		mem[ 2 ] 8650770
		mem[ 3 ] 8716308
		mem[ 4 ] 17039370
		mem[ 5 ] 5963782
		mem[ 6 ] 7143431
		mem[ 7 ] 8257542
		mem[ 8 ] 2949125
		mem[ 9 ] 17170433
		mem[ 10 ] 655361
		mem[ 11 ] 1179650
		mem[ 12 ] 8847379
		mem[ 13 ] 2555908
		mem[ 14 ] 16842741
		mem[ 15 ] 25165824
		mem[ 16 ] 1103
		mem[ 17 ] 7043
		mem[ 18 ] 16
		mem[ 19 ] -1
		mem[ 20 ] 1
	registers:
		reg[ 0 ] 0
		reg[ 1 ] 144493
		reg[ 2 ] 141184
		reg[ 3 ] 7043
		reg[ 4 ] 9
		reg[ 5 ] 256
		reg[ 6 ] 128
		reg[ 7 ] -129
end state

@@@
state:
	pc 12
	memory:
		mem[ 0 ] 8519696
		mem[ 1 ] 8585233
		mem[ 2 ] 8650770
		mem[ 3 ] 8716308
		mem[ 4 ] 17039370
		mem[ 5 ] 5963782
		mem[ 6 ] 7143431
		mem[ 7 ] 8257542
		mem[ 8 ] 2949125
		mem[ 9 ] 17170433
		mem[ 10 ] 655361
		mem[ 11 ] 1179650
		mem[ 12 ] 8847379
		mem[ 13 ] 2555908
		mem[ 14 ] 16842741
		mem[ 15 ] 25165824
		mem[ 16 ] 1103
		mem[ 17 ] 7043
		mem[ 18 ] 16
		mem[ 19 ] -1
		mem[ 20 ] 1
	registers:
		reg[ 0 ] 0
		reg[ 1 ] 144493
		reg[ 2 ] 282368
		reg[ 3 ] 7043
		reg[ 4 ] 9
		reg[ 5 ] 256
		reg[ 6 ] 128
		reg[ 7 ] -129
end state

@@@
state:
	pc 13
	memory:
		mem[ 0 ] 8519696
		mem[ 1 ] 8585233
		mem[ 2 ] 8650770
		mem[ 3 ] 8716308
		mem[ 4 ] 17039370
		mem[ 5 ] 5963782
		mem[ 6 ] 7143431
		mem[ 7 ] 8257542
		mem[ 8 ] 2949125
		mem[ 9 ] 17170433
		mem[ 10 ] 655361
		mem[ 11 ] 1179650
		mem[ 12 ] 8847379
		mem[ 13 ] 2555908
		mem[ 14 ] 16842741
		mem[ 15 ] 25165824
		mem[ 16 ] 1103
		mem[ 17 ] 7043
		mem[ 18 ] 16
		mem[ 19 ] -1
		mem[ 20 ] 1
	registers:
		reg[ 0 ] 0
		reg[ 1 ] 144493
		reg[ 2 ] 282368
		reg[ 3 ] 7043
		reg[ 4 ] 9
		reg[ 5 ] 256
		reg[ 6 ] 128
		reg[ 7 ] -1
end state

@@@
state:
	pc 14
	memory:
		mem[ 0 ] 8519696
		mem[ 1 ] 8585233
		mem[ 2 ] 8650770
		mem[ 3 ] 8716308
		mem[ 4 ] 17039370
		mem[ 5 ] 5963782
		mem[ 6 ] 7143431
		mem[ 7 ] 8257542
		mem[ 8 ] 2949125
		mem[ 9 ] 17170433
		mem[ 10 ] 655361
		mem[ 11 ] 1179650
		mem[ 12 ] 8847379
		mem[ 13 ] 2555908
		mem[ 14 ] 16842741
		mem[ 15 ] 25165824
		mem[ 16 ] 1103
		mem[ 17 ] 7043
		mem[ 18 ] 16
		mem[ 19 ] -1
		mem[ 20 ] 1
	registers:
		reg[ 0 ] 0
		reg[ 1 ] 144493
		reg[ 2 ] 282368
		reg[ 3 ] 7043
		reg[ 4 ] 8
		reg[ 5 ] 256
		reg[ 6 ] 128
		reg[ 7 ] -1
end state

@@@
state:
	pc 4
	memory:
		mem[ 0 ] 8519696
		mem[ 1 ] 8585233
		mem[ 2 ] 8650770
		mem[ 3 ] 8716308
		mem[ 4 ] 17039370
		mem[ 5 ] 5963782
		mem[ 6 ] 7143431
		mem[ 7 ] 8257542
		mem[ 8 ] 2949125
		mem[ 9 ] 17170433
		mem[ 10 ] 655361
		mem[ 11 ] 1179650
		mem[ 12 ] 8847379
		mem[ 13 ] 2555908
		mem[ 14 ] 16842741
		mem[ 15 ] 25165824
		mem[ 16 ] 1103
		mem[ 17 ] 7043
		mem[ 18 ] 16
		mem[ 19 ] -1
		mem[ 20 ] 1
	registers:
		reg[ 0 ] 0
		reg[ 1 ] 144493
		reg[ 2 ] 282368
		reg[ 3 ] 7043
		reg[ 4 ] 8
		reg[ 5 ] 256
		reg[ 6 ] 128
		reg[ 7 ] -1
end state

@@@
state:
	pc 5
	memory:
		mem[ 0 ] 8519696
		mem[ 1 ] 8585233
		mem[ 2 ] 8650770
		mem[ 3 ] 8716308
		mem[ 4 ] 17039370
		mem[ 5 ] 5963782
		mem[ 6 ] 7143431
		mem[ 7 ] 8257542
		mem[ 8 ] 2949125
		mem[ 9 ] 17170433
		mem[ 10 ] 655361
		mem[ 11 ] 1179650
		mem[ 12 ] 8847379
		mem[ 13 ] 2555908
		mem[ 14 ] 16842741
		mem[ 15 ] 25165824
		mem[ 16 ] 1103
		mem[ 17 ] 7043
		mem[ 18 ] 16
		mem[ 19 ] -1
		mem[ 20 ] 1
	registers:
		reg[ 0 ] 0
		reg[ 1 ] 144493
		reg[ 2 ] 282368
		reg[ 3 ] 7043
		reg[ 4 ] 8
		reg[ 5 ] 256
		reg[ 6 ] 128
		reg[ 7 ] -1
end state

@@@
state:
	pc 6
	memory:
		mem[ 0 ] 8519696
		mem[ 1 ] 8585233
		mem[ 2 ] 8650770
		mem[ 3 ] 8716308
		mem[ 4 ] 17039370
		mem[ 5 ] 5963782
		mem[ 6 ] 7143431
		mem[ 7 ] 8257542
		mem[ 8 ] 2949125
		mem[ 9 ] 17170433
		mem[ 10 ] 655361
		mem[ 11 ] 1179650
		mem[ 12 ] 8847379
		mem[ 13 ] 2555908
		mem[ 14 ] 16842741
		mem[ 15 ] 25165824
		mem[ 16 ] 1103
		mem[ 17 ] 7043
		mem[ 18 ] 16
		mem[ 19 ] -1
		mem[ 20 ] 1
	registers:
		reg[ 0 ] 0
		reg[ 1 ] 144493
		reg[ 2 ] 282368
		reg[ 3 ] 7043
		reg[ 4 ] 8
		reg[ 5 ] 256
		reg[ 6 ] -7044
		reg[ 7 ] -1
end state

@@@
state:
	pc 7
	memory:
		mem[ 0 ] 8519696
		mem[ 1 ] 8585233
		mem[ 2 ] 8650770
		mem[ 3 ] 8716308
		mem[ 4 ] 17039370
		mem[ 5 ] 5963782
		mem[ 6 ] 7143431
		mem[ 7 ] 8257542
		mem[ 8 ] 2949125
		mem[ 9 ] 17170433
		mem[ 10 ] 655361
		mem[ 11 ] 1179650
		mem[ 12 ] 8847379
		mem[ 13 ] 2555908
		mem[ 14 ] 16842741
		mem[ 15 ] 25165824
		mem[ 16 ] 1103
		mem[ 17 ] 7043
		mem[ 18 ] 16
		mem[ 19 ] -1
		mem[ 20 ] 1
	registers:
		reg[ 0 ] 0
		reg[ 1 ] 144493
		reg[ 2 ] 282368
		reg[ 3 ] 7043
		reg[ 4 ] 8
		reg[ 5 ] 256
		reg[ 6 ] -7044
		reg[ 7 ] -257
end state

@@@
state:
	pc 8
	memory:
		mem[ 0 ] 8519696
		mem[ 1 ] 8585233
		mem[ 2 ] 8650770
		mem[ 3 ] 8716308
		mem[ 4 ] 17039370
		mem[ 5 ] 5963782
		mem[ 6 ] 7143431
		mem[ 7 ] 8257542
		mem[ 8 ] 2949125
		mem[ 9 ] 17170433
		mem[ 10 ] 655361
		mem[ 11 ] 1179650
		mem[ 12 ] 8847379
		mem[ 13 ] 2555908
		mem[ 14 ] 16842741
		mem[ 15 ] 25165824
		mem[ 16 ] 1103
		mem[ 17 ] 7043
		mem[ 18 ] 16
		mem[ 19 ] -1
		mem[ 20 ] 1
	registers:
		reg[ 0 ] 0
		reg[ 1 ] 144493
		reg[ 2 ] 282368
		reg[ 3 ] 7043
		reg[ 4 ] 8
		reg[ 5 ] 256
		reg[ 6 ] 256
		reg[ 7 ] -257
end state

@@@
state:
	pc 9
	memory:
		mem[ 0 ] 8519696
		mem[ 1 ] 8585233
		mem[ 2 ] 8650770
		mem[ 3 ] 8716308
		mem[ 4 ] 17039370
		mem[ 5 ] 5963782
		mem[ 6 ] 7143431
		mem[ 7 ] 8257542
		mem[ 8 ] 2949125
		mem[ 9 ] 17170433
		mem[ 10 ] 655361
		mem[ 11 ] 1179650
		mem[ 12 ] 8847379
		mem[ 13 ] 2555908
		mem[ 14 ] 16842741
		mem[ 15 ] 25165824
		mem[ 16 ] 1103
		mem[ 17 ] 7043
		mem[ 18 ] 16
		mem[ 19 ] -1
		mem[ 20 ] 1
	registers:
		reg[ 0 ] 0
		reg[ 1 ] 144493
		reg[ 2 ] 282368
		reg[ 3 ] 7043
		reg[ 4 ] 8
		reg[ 5 ] 512
		reg[ 6 ] 256
		reg[ 7 ] -257
end state

@@@
state:
	pc 10
	memory:
		mem[ 0 ] 8519696
		mem[ 1 ] 8585233
		mem[ 2 ] 8650770
		mem[ 3 ] 8716308
		mem[ 4 ] 17039370
		mem[ 5 ] 5963782
		mem[ 6 ] 7143431
		mem[ 7 ] 8257542
		mem[ 8 ] 2949125
		mem[ 9 ] 17170433
		mem[ 10 ] 655361
		mem[ 11 ] 1179650
		mem[ 12 ] 8847379
		mem[ 13 ] 2555908
		mem[ 14 ] 16842741
		mem[ 15 ] 25165824
		mem[ 16 ] 1103
		mem[ 17 ] 7043
		mem[ 18 ] 16
		mem[ 19 ] -1
		mem[ 20 ] 1
	registers:
		reg[ 0 ] 0
		reg[ 1 ] 144493
		reg[ 2 ] 282368
		reg[ 3 ] 7043
		reg[ 4 ] 8
		reg[ 5 ] 512
		reg[ 6 ] 256
		reg[ 7 ] -257
end state

@@@
state:
	pc 11
	memory:
		mem[ 0 ] 8519696
		mem[ 1 ] 8585233
		mem[ 2 ] 8650770
		mem[ 3 ] 8716308
		mem[ 4 ] 17039370
		mem[ 5 ] 5963782
		mem[ 6 ] 7143431
		mem[ 7 ] 8257542
		mem[ 8 ] 2949125
		mem[ 9 ] 17170433
		mem[ 10 ] 655361
		mem[ 11 ] 1179650
		mem[ 12 ] 8847379
		mem[ 13 ] 2555908
		mem[ 14 ] 16842741
		mem[ 15 ] 25165824
		mem[ 16 ] 1103
		mem[ 17 ] 7043
		mem[ 18 ] 16
		mem[ 19 ] -1
		mem[ 20 ] 1
	registers:
		reg[ 0 ] 0
		reg[ 1 ] 426861
		reg[ 2 ] 282368
		reg[ 3 ] 7043
		reg[ 4 ] 8
		reg[ 5 ] 512
		reg[ 6 ] 256
		reg[ 7 ] -257
end state

@@@
state:
	pc 12
	memory:
		mem[ 0 ] 8519696
		mem[ 1 ] 8585233
		mem[ 2 ] 8650770
		mem[ 3 ] 8716308
		mem[ 4 ] 17039370
		mem[ 5 ] 5963782
		mem[ 6 ] 7143431
		mem[ 7 ] 8257542
		mem[ 8 ] 2949125
		mem[ 9 ] 17170433
		mem[ 10 ] 655361
		mem[ 11 ] 1179650
		mem[ 12 ] 8847379
		mem[ 13 ] 2555908
		mem[ 14 ] 16842741
		mem[ 15 ] 25165824
		mem[ 16 ] 1103
		mem[ 17 ] 7043
		mem[ 18 ] 16
		mem[ 19 ] -1
		mem[ 20 ] 1
	registers:
		reg[ 0 ] 0
		reg[ 1 ] 426861
		reg[ 2 ] 564736
		reg[ 3 ] 7043
		reg[ 4 ] 8
		reg[ 5 ] 512
		reg[ 6 ] 256
		reg[ 7 ] -257
end state

@@@
state:
	pc 13
	memory:
		mem[ 0 ] 8519696
		mem[ 1 ] 8585233
		mem[ 2 ] 8650770
		mem[ 3 ] 8716308
		mem[ 4 ] 17039370
		mem[ 5 ] 5963782
		mem[ 6 ] 7143431
		mem[ 7 ] 8257542
		mem[ 8 ] 2949125
		mem[ 9 ] 17170433
		mem[ 10 ] 655361
		mem[ 11 ] 1179650
		mem[ 12 ] 8847379
		mem[ 13 ] 2555908
		mem[ 14 ] 16842741
		mem[ 15 ] 25165824
		mem[ 16 ] 1103
		mem[ 17 ] 7043
		mem[ 18 ] 16
		mem[ 19 ] -1
		mem[ 20 ] 1
	registers:
		reg[ 0 ] 0
		reg[ 1 ] 426861
		reg[ 2 ] 564736
		reg[ 3 ] 7043
		reg[ 4 ] 8
		reg[ 5 ] 512
		reg[ 6 ] 256
		reg[ 7 ] -1
end state

@@@
state:
	pc 14
	memory:
		mem[ 0 ] 8519696
		mem[ 1 ] 8585233
		mem[ 2 ] 8650770
		mem[ 3 ] 8716308
		mem[ 4 ] 17039370
		mem[ 5 ] 5963782
		mem[ 6 ] 7143431
		mem[ 7 ] 8257542
		mem[ 8 ] 2949125
		mem[ 9 ] 17170433
		mem[ 10 ] 655361
		mem[ 11 ] 1179650
		mem[ 12 ] 8847379
		mem[ 13 ] 2555908
		mem[ 14 ] 16842741
		mem[ 15 ] 25165824
		mem[ 16 ] 1103
		mem[ 17 ] 7043
		mem[ 18 ] 16
		mem[ 19 ] -1
		mem[ 20 ] 1
	registers:
		reg[ 0 ] 0
		reg[ 1 ] 426861
		reg[ 2 ] 564736
		reg[ 3 ] 7043
		reg[ 4 ] 7
		reg[ 5 ] 512
		reg[ 6 ] 256
		reg[ 7 ] -1
end state

@@@
state:
	pc 4
	memory:
		mem[ 0 ] 8519696
		mem[ 1 ] 8585233
		mem[ 2 ] 8650770
		mem[ 3 ] 8716308
		mem[ 4 ] 17039370
		mem[ 5 ] 5963782
		mem[ 6 ] 7143431
		mem[ 7 ] 8257542
		mem[ 8 ] 2949125
		mem[ 9 ] 17170433
		mem[ 10 ] 655361
		mem[ 11 ] 1179650
		mem[ 12 ] 8847379
		mem[ 13 ] 2555908
		mem[ 14 ] 16842741
		mem[ 15 ] 25165824
		mem[ 16 ] 1103
		mem[ 17 ] 7043
		mem[ 18 ] 16
		mem[ 19 ] -1
		mem[ 20 ] 1
	registers:
		reg[ 0 ] 0
		reg[ 1 ] 426861
		reg[ 2 ] 564736
		reg[ 3 ] 7043
		reg[ 4 ] 7
		reg[ 5 ] 512
		reg[ 6 ] 256
		reg[ 7 ] -1
end state

@@@
state:
	pc 5
	memory:
		mem[ 0 ] 8519696
		mem[ 1 ] 8585233
		mem[ 2 ] 8650770
		mem[ 3 ] 8716308
		mem[ 4 ] 17039370
		mem[ 5 ] 5963782
		mem[ 6 ] 7143431
		mem[ 7 ] 8257542
		mem[ 8 ] 2949125
		mem[ 9 ] 17170433
		mem[ 10 ] 655361
		mem[ 11 ] 1179650
		mem[ 12 ] 8847379
		mem[ 13 ] 2555908
		mem[ 14 ] 16842741
		mem[ 15 ] 25165824
		mem[ 16 ] 1103
		mem[ 17 ] 7043
		mem[ 18 ] 16
		mem[ 19 ] -1
		mem[ 20 ] 1
	registers:
		reg[ 0 ] 0
		reg[ 1 ] 426861
		reg[ 2 ] 564736
		reg[ 3 ] 7043
		reg[ 4 ] 7
		reg[ 5 ] 512
		reg[ 6 ] 256
		reg[ 7 ] -1
end state

@@@
state:
	pc 6
	memory:
		mem[ 0 ] 8519696
		mem[ 1 ] 8585233
		mem[ 2 ] 8650770
		mem[ 3 ] 8716308
		mem[ 4 ] 17039370
		mem[ 5 ] 5963782
		mem[ 6 ] 7143431
		mem[ 7 ] 8257542
		mem[ 8 ] 2949125
		mem[ 9 ] 17170433
		mem[ 10 ] 655361
		mem[ 11 ] 1179650
		mem[ 12 ] 8847379
		mem[ 13 ] 2555908
		mem[ 14 ] 16842741
		mem[ 15 ] 25165824
		mem[ 16 ] 1103
		mem[ 17 ] 7043
		mem[ 18 ] 16
		mem[ 19 ] -1
		mem[ 20 ] 1
	registers:
		reg[ 0 ] 0
		reg[ 1 ] 426861
		reg[ 2 ] 564736
		reg[ 3 ] 7043
		reg[ 4 ] 7
		reg[ 5 ] 512
		reg[ 6 ] -7044
		reg[ 7 ] -1
end state

@@@
state:
	pc 7
	memory:
		mem[ 0 ] 8519696
		mem[ 1 ] 8585233
		mem[ 2 ] 8650770
		mem[ 3 ] 8716308
		mem[ 4 ] 17039370
		mem[ 5 ] 5963782
		mem[ 6 ] 7143431
		mem[ 7 ] 8257542
		mem[ 8 ] 2949125
		mem[ 9 ] 17170433
		mem[ 10 ] 655361
		mem[ 11 ] 1179650
		mem[ 12 ] 8847379
		mem[ 13 ] 2555908
		mem[ 14 ] 16842741
		mem[ 15 ] 25165824
		mem[ 16 ] 1103
		mem[ 17 ] 7043
		mem[ 18 ] 16
		mem[ 19 ] -1
		mem[ 20 ] 1
	registers:
		reg[ 0 ] 0
		reg[ 1 ] 426861
		reg[ 2 ] 564736
		reg[ 3 ] 7043
		reg[ 4 ] 7
		reg[ 5 ] 512
		reg[ 6 ] -7044
		reg[ 7 ] -513
end state

@@@
state:
	pc 8
	memory:
		mem[ 0 ] 8519696
		mem[ 1 ] 8585233
		mem[ 2 ] 8650770
		mem[ 3 ] 8716308
		mem[ 4 ] 17039370
		mem[ 5 ] 5963782
		mem[ 6 ] 7143431
		mem[ 7 ] 8257542
		mem[ 8 ] 2949125
		mem[ 9 ] 17170433
		mem[ 10 ] 655361
		mem[ 11 ] 1179650
		mem[ 12 ] 8847379
		mem[ 13 ] 2555908
		mem[ 14 ] 16842741
		mem[ 15 ] 25165824
		mem[ 16 ] 1103
		mem[ 17 ] 7043
		mem[ 18 ] 16
		mem[ 19 ] -1
		mem[ 20 ] 1
	registers:
		reg[ 0 ] 0
		reg[ 1 ] 426861
		reg[ 2 ] 564736
		reg[ 3 ] 7043
		reg[ 4 ] 7
		reg[ 5 ] 512
		reg[ 6 ] 512
		reg[ 7 ] -513
end state

@@@
state:
	pc 9
	memory:
		mem[ 0 ] 8519696
		mem[ 1 ] 8585233
		mem[ 2 ] 8650770
		mem[ 3 ] 8716308
		mem[ 4 ] 17039370
		mem[ 5 ] 5963782
		mem[ 6 ] 7143431
		mem[ 7 ] 8257542
		mem[ 8 ] 2949125
		mem[ 9 ] 17170433
		mem[ 10 ] 655361
		mem[ 11 ] 1179650
		mem[ 12 ] 8847379
		mem[ 13 ] 2555908
		mem[ 14 ] 16842741
		mem[ 15 ] 25165824
		mem[ 16 ] 1103
		mem[ 17 ] 7043
		mem[ 18 ] 16
		mem[ 19 ] -1
		mem[ 20 ] 1
	registers:
		reg[ 0 ] 0
		reg[ 1 ] 426861
		reg[ 2 ] 564736
		reg[ 3 ] 7043
		reg[ 4 ] 7
		reg[ 5 ] 1024
		reg[ 6 ] 512
		reg[ 7 ] -513
end state

@@@
state:
	pc 10
	memory:
		mem[ 0 ] 8519696
		mem[ 1 ] 8585233
		mem[ 2 ] 8650770
		mem[ 3 ] 8716308
		mem[ 4 ] 17039370
		mem[ 5 ] 5963782
		mem[ 6 ] 7143431
		mem[ 7 ] 8257542
		mem[ 8 ] 2949125
		mem[ 9 ] 17170433
		mem[ 10 ] 655361
		mem[ 11 ] 1179650
		mem[ 12 ] 8847379
		mem[ 13 ] 2555908
		mem[ 14 ] 16842741
		mem[ 15 ] 25165824
		mem[ 16 ] 1103
		mem[ 17 ] 7043
		mem[ 18 ] 16
		mem[ 19 ] -1
		mem[ 20 ] 1
	registers:
		reg[ 0 ] 0
		reg[ 1 ] 426861
		reg[ 2 ] 564736
		reg[ 3 ] 7043
		reg[ 4 ] 7
		reg[ 5 ] 1024
		reg[ 6 ] 512
		reg[ 7 ] -513
end state

@@@
state:
	pc 11
	memory:
		mem[ 0 ] 8519696
		mem[ 1 ] 8585233
		mem[ 2 ] 8650770
		mem[ 3 ] 8716308
		mem[ 4 ] 17039370
		mem[ 5 ] 5963782
		mem[ 6 ] 7143431
		mem[ 7 ] 8257542
		mem[ 8 ] 2949125
		mem[ 9 ] 17170433
		mem[ 10 ] 655361
		mem[ 11 ] 1179650
		mem[ 12 ] 8847379
		mem[ 13 ] 2555908
		mem[ 14 ] 16842741
		mem[ 15 ] 25165824
		mem[ 16 ] 1103
		mem[ 17 ] 7043
		mem[ 18 ] 16
		mem[ 19 ] -1
		mem[ 20 ] 1
	registers:
		reg[ 0 ] 0
		reg[ 1 ] 991597
		reg[ 2 ] 564736
		reg[ 3 ] 7043
		reg[ 4 ] 7
		reg[ 5 ] 1024
		reg[ 6 ] 512
		reg[ 7 ] -513
end state

@@@
state:
	pc 12
	memory:
		mem[ 0 ] 8519696
		mem[ 1 ] 8585233
		mem[ 2 ] 8650770
		mem[ 3 ] 8716308
		mem[ 4 ] 17039370
		mem[ 5 ] 5963782
		mem[ 6 ] 7143431
		mem[ 7 ] 8257542
		mem[ 8 ] 2949125
		mem[ 9 ] 17170433
		mem[ 10 ] 655361
		mem[ 11 ] 1179650
		mem[ 12 ] 8847379
		mem[ 13 ] 2555908
		mem[ 14 ] 16842741
		mem[ 15 ] 25165824
		mem[ 16 ] 1103
		mem[ 17 ] 7043
		mem[ 18 ] 16
		mem[ 19 ] -1
		mem[ 20 ] 1
	registers:
		reg[ 0 ] 0
		reg[ 1 ] 991597
		reg[ 2 ] 1129472
		reg[ 3 ] 7043
		reg[ 4 ] 7
		reg[ 5 ] 1024
		reg[ 6 ] 512
		reg[ 7 ] -513
end state

@@@
state:
	pc 13
	memory:
		mem[ 0 ] 8519696
		mem[ 1 ] 8585233
		mem[ 2 ] 8650770
		mem[ 3 ] 8716308
		mem[ 4 ] 17039370
		mem[ 5 ] 5963782
		mem[ 6 ] 7143431
		mem[ 7 ] 8257542
		mem[ 8 ] 2949125
		mem[ 9 ] 17170433
		mem[ 10 ] 655361
		mem[ 11 ] 1179650
		mem[ 12 ] 8847379
		mem[ 13 ] 2555908
		mem[ 14 ] 16842741
		mem[ 15 ] 25165824
		mem[ 16 ] 1103
		mem[ 17 ] 7043
		mem[ 18 ] 16
		mem[ 19 ] -1
		mem[ 20 ] 1
	registers:
		reg[ 0 ] 0
		reg[ 1 ] 991597
		reg[ 2 ] 1129472
		reg[ 3 ] 7043
		reg[ 4 ] 7
		reg[ 5 ] 1024
		reg[ 6 ] 512
		reg[ 7 ] -1
end state

@@@
state:
	pc 14
	memory:
		mem[ 0 ] 8519696
		mem[ 1 ] 8585233
		mem[ 2 ] 8650770
		mem[ 3 ] 8716308
		mem[ 4 ] 17039370
		mem[ 5 ] 5963782
		mem[ 6 ] 7143431
		mem[ 7 ] 8257542
		mem[ 8 ] 2949125
		mem[ 9 ] 17170433
		mem[ 10 ] 655361
		mem[ 11 ] 1179650
		mem[ 12 ] 8847379
		mem[ 13 ] 2555908
		mem[ 14 ] 16842741
		mem[ 15 ] 25165824
		mem[ 16 ] 1103
		mem[ 17 ] 7043
		mem[ 18 ] 16
		mem[ 19 ] -1
		mem[ 20 ] 1
	registers:
		reg[ 0 ] 0
		reg[ 1 ] 991597
		reg[ 2 ] 1129472
		reg[ 3 ] 7043
		reg[ 4 ] 6
		reg[ 5 ] 1024
		reg[ 6 ] 512
		reg[ 7 ] -1
end state

@@@
state:
	pc 4
	memory:
		mem[ 0 ] 8519696
		mem[ 1 ] 8585233
		mem[ 2 ] 8650770
		mem[ 3 ] 8716308
		mem[ 4 ] 17039370
		mem[ 5 ] 5963782
		mem[ 6 ] 7143431
		mem[ 7 ] 8257542
		mem[ 8 ] 2949125
		mem[ 9 ] 17170433
		mem[ 10 ] 655361
		mem[ 11 ] 1179650
		mem[ 12 ] 8847379
		mem[ 13 ] 2555908
		mem[ 14 ] 16842741
		mem[ 15 ] 25165824
		mem[ 16 ] 1103
		mem[ 17 ] 7043
		mem[ 18 ] 16
		mem[ 19 ] -1
		mem[ 20 ] 1
	registers:
		reg[ 0 ] 0
		reg[ 1 ] 991597
		reg[ 2 ] 1129472
		reg[ 3 ] 7043
		reg[ 4 ] 6
		reg[ 5 ] 1024
		reg[ 6 ] 512
		reg[ 7 ] -1
end state

@@@
state:
	pc 5
	memory:
		mem[ 0 ] 8519696
		mem[ 1 ] 8585233
		mem[ 2 ] 8650770
		mem[ 3 ] 8716308
		mem[ 4 ] 17039370
		mem[ 5 ] 5963782
		mem[ 6 ] 7143431
		mem[ 7 ] 8257542
		mem[ 8 ] 2949125
		mem[ 9 ] 17170433
		mem[ 10 ] 655361
		mem[ 11 ] 1179650
		mem[ 12 ] 8847379
		mem[ 13 ] 2555908
		mem[ 14 ] 16842741
		mem[ 15 ] 25165824
		mem[ 16 ] 1103
		mem[ 17 ] 7043
		mem[ 18 ] 16
		mem[ 19 ] -1
		mem[ 20 ] 1
	registers:
		reg[ 0 ] 0
		reg[ 1 ] 991597
		reg[ 2 ] 1129472
		reg[ 3 ] 7043
		reg[ 4 ] 6
		reg[ 5 ] 1024
		reg[ 6 ] 512
		reg[ 7 ] -1
end state

@@@
state:
	pc 6
	memory:
		mem[ 0 ] 8519696
		mem[ 1 ] 8585233
		mem[ 2 ] 8650770
		mem[ 3 ] 8716308
		mem[ 4 ] 17039370
		mem[ 5 ] 5963782
		mem[ 6 ] 7143431
		mem[ 7 ] 8257542
		mem[ 8 ] 2949125
		mem[ 9 ] 17170433
		mem[ 10 ] 655361
		mem[ 11 ] 1179650
		mem[ 12 ] 8847379
		mem[ 13 ] 2555908
		mem[ 14 ] 16842741
		mem[ 15 ] 25165824
		mem[ 16 ] 1103
		mem[ 17 ] 7043
		mem[ 18 ] 16
		mem[ 19 ] -1
		mem[ 20 ] 1
	registers:
		reg[ 0 ] 0
		reg[ 1 ] 991597
		reg[ 2 ] 1129472
		reg[ 3 ] 7043
		reg[ 4 ] 6
		reg[ 5 ] 1024
		reg[ 6 ] -7044
		reg[ 7 ] -1
end state

@@@
state:
	pc 7
	memory:
		mem[ 0 ] 8519696
		mem[ 1 ] 8585233
		mem[ 2 ] 8650770
		mem[ 3 ] 8716308
		mem[ 4 ] 17039370
		mem[ 5 ] 5963782
		mem[ 6 ] 7143431
		mem[ 7 ] 8257542
		mem[ 8 ] 2949125
		mem[ 9 ] 17170433
		mem[ 10 ] 655361
		mem[ 11 ] 1179650
		mem[ 12 ] 8847379
		mem[ 13 ] 2555908
		mem[ 14 ] 16842741
		mem[ 15 ] 25165824
		mem[ 16 ] 1103
		mem[ 17 ] 7043
		mem[ 18 ] 16
		mem[ 19 ] -1
		mem[ 20 ] 1
	registers:
		reg[ 0 ] 0
		reg[ 1 ] 991597
		reg[ 2 ] 1129472
		reg[ 3 ] 7043
		reg[ 4 ] 6
		reg[ 5 ] 1024
		reg[ 6 ] -7044
		reg[ 7 ] -1025
end state

@@@
state:
	pc 8
	memory:
		mem[ 0 ] 8519696
		mem[ 1 ] 8585233
		mem[ 2 ] 8650770
		mem[ 3 ] 8716308
		mem[ 4 ] 17039370
		mem[ 5 ] 5963782
		mem[ 6 ] 7143431
		mem[ 7 ] 8257542
		mem[ 8 ] 2949125
		mem[ 9 ] 17170433
		mem[ 10 ] 655361
		mem[ 11 ] 1179650
		mem[ 12 ] 8847379
		mem[ 13 ] 2555908
		mem[ 14 ] 16842741
		mem[ 15 ] 25165824
		mem[ 16 ] 1103
		mem[ 17 ] 7043
		mem[ 18 ] 16
		mem[ 19 ] -1
		mem[ 20 ] 1
	registers:
		reg[ 0 ] 0
		reg[ 1 ] 991597
		reg[ 2 ] 1129472
		reg[ 3 ] 7043
		reg[ 4 ] 6
		reg[ 5 ] 1024
		reg[ 6 ] 0
		reg[ 7 ] -1025
end state

@@@
state:
	pc 9
	memory:
		mem[ 0 ] 8519696
		mem[ 1 ] 8585233
		mem[ 2 ] 8650770
		mem[ 3 ] 8716308
		mem[ 4 ] 17039370
		mem[ 5 ] 5963782
		mem[ 6 ] 7143431
		mem[ 7 ] 8257542
		mem[ 8 ] 2949125
		mem[ 9 ] 17170433
		mem[ 10 ] 655361
		mem[ 11 ] 1179650
		mem[ 12 ] 8847379
		mem[ 13 ] 2555908
		mem[ 14 ] 16842741
		mem[ 15 ] 25165824
		mem[ 16 ] 1103
		mem[ 17 ] 7043
		mem[ 18 ] 16
		mem[ 19 ] -1
		mem[ 20 ] 1
	registers:
		reg[ 0 ] 0
		reg[ 1 ] 991597
		reg[ 2 ] 1129472
		reg[ 3 ] 7043
		reg[ 4 ] 6
		reg[ 5 ] 2048
		reg[ 6 ] 0
		reg[ 7 ] -1025
end state

@@@
state:
	pc 11
	memory:
		mem[ 0 ] 8519696
		mem[ 1 ] 8585233
		mem[ 2 ] 8650770
		mem[ 3 ] 8716308
		mem[ 4 ] 17039370
		mem[ 5 ] 5963782
		mem[ 6 ] 7143431
		mem[ 7 ] 8257542
		mem[ 8 ] 2949125
		mem[ 9 ] 17170433
		mem[ 10 ] 655361
		mem[ 11 ] 1179650
		mem[ 12 ] 8847379
		mem[ 13 ] 2555908
		mem[ 14 ] 16842741
		mem[ 15 ] 25165824
		mem[ 16 ] 1103
		mem[ 17 ] 7043
		mem[ 18 ] 16
		mem[ 19 ] -1
		mem[ 20 ] 1
	registers:
		reg[ 0 ] 0
		reg[ 1 ] 991597
		reg[ 2 ] 1129472
		reg[ 3 ] 7043
		reg[ 4 ] 6
		reg[ 5 ] 2048
		reg[ 6 ] 0
		reg[ 7 ] -1025
end state

@@@
state:
	pc 12
	memory:
		mem[ 0 ] 8519696
		mem[ 1 ] 8585233
		mem[ 2 ] 8650770
		mem[ 3 ] 8716308
		mem[ 4 ] 17039370
		mem[ 5 ] 5963782
		mem[ 6 ] 7143431
		mem[ 7 ] 8257542
		mem[ 8 ] 2949125
		mem[ 9 ] 17170433
		mem[ 10 ] 655361
		mem[ 11 ] 1179650
		mem[ 12 ] 8847379
		mem[ 13 ] 2555908
		mem[ 14 ] 16842741
		mem[ 15 ] 25165824
		mem[ 16 ] 1103
		mem[ 17 ] 7043
		mem[ 18 ] 16
		mem[ 19 ] -1
		mem[ 20 ] 1
	registers:
		reg[ 0 ] 0
		reg[ 1 ] 991597
		reg[ 2 ] 2258944
		reg[ 3 ] 7043
		reg[ 4 ] 6
		reg[ 5 ] 2048
		reg[ 6 ] 0
		reg[ 7 ] -1025
end state

@@@
state:
	pc 13
	memory:
		mem[ 0 ] 8519696
		mem[ 1 ] 8585233
		mem[ 2 ] 8650770
		mem[ 3 ] 8716308
		mem[ 4 ] 17039370
		mem[ 5 ] 5963782
		mem[ 6 ] 7143431
		mem[ 7 ] 8257542
		mem[ 8 ] 2949125
		mem[ 9 ] 17170433
		mem[ 10 ] 655361
		mem[ 11 ] 1179650
		mem[ 12 ] 8847379
		mem[ 13 ] 2555908
		mem[ 14 ] 16842741
		mem[ 15 ] 25165824
		mem[ 16 ] 1103
		mem[ 17 ] 7043
		mem[ 18 ] 16
		mem[ 19 ] -1
		mem[ 20 ] 1
	registers:
		reg[ 0 ] 0
		reg[ 1 ] 991597
		reg[ 2 ] 2258944
		reg[ 3 ] 7043
		reg[ 4 ] 6
		reg[ 5 ] 2048
		reg[ 6 ] 0
		reg[ 7 ] -1
end state

@@@
state:
	pc 14
	memory:
		mem[ 0 ] 8519696
		mem[ 1 ] 8585233
		mem[ 2 ] 8650770
		mem[ 3 ] 8716308
		mem[ 4 ] 17039370
		mem[ 5 ] 5963782
		mem[ 6 ] 7143431
		mem[ 7 ] 8257542
		mem[ 8 ] 2949125
		mem[ 9 ] 17170433
		mem[ 10 ] 655361
		mem[ 11 ] 1179650
		mem[ 12 ] 8847379
		mem[ 13 ] 2555908
		mem[ 14 ] 16842741
		mem[ 15 ] 25165824
		mem[ 16 ] 1103
		mem[ 17 ] 7043
		mem[ 18 ] 16
		mem[ 19 ] -1
		mem[ 20 ] 1
	registers:
		reg[ 0 ] 0
		reg[ 1 ] 991597
		reg[ 2 ] 2258944
		reg[ 3 ] 7043
		reg[ 4 ] 5
		reg[ 5 ] 2048
		reg[ 6 ] 0
		reg[ 7 ] -1
end state

@@@
state:
	pc 4
	memory:
		mem[ 0 ] 8519696
		mem[ 1 ] 8585233
		mem[ 2 ] 8650770
		mem[ 3 ] 8716308
		mem[ 4 ] 17039370
		mem[ 5 ] 5963782
		mem[ 6 ] 7143431
		mem[ 7 ] 8257542
		mem[ 8 ] 2949125
		mem[ 9 ] 17170433
		mem[ 10 ] 655361
		mem[ 11 ] 1179650
		mem[ 12 ] 8847379
		mem[ 13 ] 2555908
		mem[ 14 ] 16842741
		mem[ 15 ] 25165824
		mem[ 16 ] 1103
		mem[ 17 ] 7043
		mem[ 18 ] 16
		mem[ 19 ] -1
		mem[ 20 ] 1
	registers:
		reg[ 0 ] 0
		reg[ 1 ] 991597
		reg[ 2 ] 2258944
		reg[ 3 ] 7043
		reg[ 4 ] 5
		reg[ 5 ] 2048
		reg[ 6 ] 0
		reg[ 7 ] -1
end state

@@@
state:
	pc 5
	memory:
		mem[ 0 ] 8519696
		mem[ 1 ] 8585233
		mem[ 2 ] 8650770
		mem[ 3 ] 8716308
		mem[ 4 ] 17039370
		mem[ 5 ] 5963782
		mem[ 6 ] 7143431
		mem[ 7 ] 8257542
		mem[ 8 ] 2949125
		mem[ 9 ] 17170433
		mem[ 10 ] 655361
		mem[ 11 ] 1179650
		mem[ 12 ] 8847379
		mem[ 13 ] 2555908
		mem[ 14 ] 16842741
		mem[ 15 ] 25165824
		mem[ 16 ] 1103
		mem[ 17 ] 7043
		mem[ 18 ] 16
		mem[ 19 ] -1
		mem[ 20 ] 1
	registers:
		reg[ 0 ] 0
		reg[ 1 ] 991597
		reg[ 2 ] 2258944
		reg[ 3 ] 7043
		reg[ 4 ] 5
		reg[ 5 ] 2048
		reg[ 6 ] 0
		reg[ 7 ] -1
end state

@@@
state:
	pc 6
	memory:
		mem[ 0 ] 8519696
		mem[ 1 ] 8585233
		mem[ 2 ] 8650770
		mem[ 3 ] 8716308
		mem[ 4 ] 17039370
		mem[ 5 ] 5963782
		mem[ 6 ] 7143431
		mem[ 7 ] 8257542
		mem[ 8 ] 2949125
		mem[ 9 ] 17170433
		mem[ 10 ] 655361
		mem[ 11 ] 1179650
		mem[ 12 ] 8847379
		mem[ 13 ] 2555908
		mem[ 14 ] 16842741
		mem[ 15 ] 25165824
		mem[ 16 ] 1103
		mem[ 17 ] 7043
		mem[ 18 ] 16
		mem[ 19 ] -1
		mem[ 20 ] 1
	registers:
		reg[ 0 ] 0
		reg[ 1 ] 991597
		reg[ 2 ] 2258944
		reg[ 3 ] 7043
		reg[ 4 ] 5
		reg[ 5 ] 2048
		reg[ 6 ] -7044
		reg[ 7 ] -1
end state

@@@
state:
	pc 7
	memory:
		mem[ 0 ] 8519696
		mem[ 1 ] 8585233
		mem[ 2 ] 8650770
		mem[ 3 ] 8716308
		mem[ 4 ] 17039370
		mem[ 5 ] 5963782
		mem[ 6 ] 7143431
		mem[ 7 ] 8257542
		mem[ 8 ] 2949125
		mem[ 9 ] 17170433
		mem[ 10 ] 655361
		mem[ 11 ] 1179650
		mem[ 12 ] 8847379
		mem[ 13 ] 2555908
		mem[ 14 ] 16842741
		mem[ 15 ] 25165824
		mem[ 16 ] 1103
		mem[ 17 ] 7043
		mem[ 18 ] 16
		mem[ 19 ] -1
		mem[ 20 ] 1
	registers:
		reg[ 0 ] 0
		reg[ 1 ] 991597
		reg[ 2 ] 2258944
		reg[ 3 ] 7043
		reg[ 4 ] 5
		reg[ 5 ] 2048
		reg[ 6 ] -7044
		reg[ 7 ] -2049
end state

@@@
state:
	pc 8
	memory:
		mem[ 0 ] 8519696
		mem[ 1 ] 8585233
		mem[ 2 ] 8650770
		mem[ 3 ] 8716308
		mem[ 4 ] 17039370
		mem[ 5 ] 5963782
		mem[ 6 ] 7143431
		mem[ 7 ] 8257542
		mem[ 8 ] 2949125
		mem[ 9 ] 17170433
		mem[ 10 ] 655361
		mem[ 11 ] 1179650
		mem[ 12 ] 8847379
		mem[ 13 ] 2555908
		mem[ 14 ] 16842741
		mem[ 15 ] 25165824
		mem[ 16 ] 1103
		mem[ 17 ] 7043
		mem[ 18 ] 16
		mem[ 19 ] -1
		mem[ 20 ] 1
	registers:
		reg[ 0 ] 0
		reg[ 1 ] 991597
		reg[ 2 ] 2258944
		reg[ 3 ] 7043
		reg[ 4 ] 5
		reg[ 5 ] 2048
		reg[ 6 ] 2048
		reg[ 7 ] -2049
end state

@@@
state:
	pc 9
	memory:
		mem[ 0 ] 8519696
		mem[ 1 ] 8585233
		mem[ 2 ] 8650770
		mem[ 3 ] 8716308
		mem[ 4 ] 17039370
		mem[ 5 ] 5963782
		mem[ 6 ] 7143431
		mem[ 7 ] 8257542
		mem[ 8 ] 2949125
		mem[ 9 ] 17170433
		mem[ 10 ] 655361
		mem[ 11 ] 1179650
		mem[ 12 ] 8847379
		mem[ 13 ] 2555908
		mem[ 14 ] 16842741
		mem[ 15 ] 25165824
		mem[ 16 ] 1103
		mem[ 17 ] 7043
		mem[ 18 ] 16
		mem[ 19 ] -1
		mem[ 20 ] 1
	registers:
		reg[ 0 ] 0
		reg[ 1 ] 991597
		reg[ 2 ] 2258944
		reg[ 3 ] 7043
		reg[ 4 ] 5
		reg[ 5 ] 4096
		reg[ 6 ] 2048
		reg[ 7 ] -2049
end state

@@@
state:
	pc 10
	memory:
		mem[ 0 ] 8519696
		mem[ 1 ] 8585233
		mem[ 2 ] 8650770
		mem[ 3 ] 8716308
		mem[ 4 ] 17039370
		mem[ 5 ] 5963782
		mem[ 6 ] 7143431
		mem[ 7 ] 8257542
		mem[ 8 ] 2949125
		mem[ 9 ] 17170433
		mem[ 10 ] 655361
		mem[ 11 ] 1179650
		mem[ 12 ] 8847379
		mem[ 13 ] 2555908
		mem[ 14 ] 16842741
		mem[ 15 ] 25165824
		mem[ 16 ] 1103
		mem[ 17 ] 7043
		mem[ 18 ] 16
		mem[ 19 ] -1
		mem[ 20 ] 1
	registers:
		reg[ 0 ] 0
		reg[ 1 ] 991597
		reg[ 2 ] 2258944
		reg[ 3 ] 7043
		reg[ 4 ] 5
		reg[ 5 ] 4096
		reg[ 6 ] 2048
		reg[ 7 ] -2049
end state

@@@
state:
	pc 11
	memory:
		mem[ 0 ] 8519696
		mem[ 1 ] 8585233
		mem[ 2 ] 8650770
		mem[ 3 ] 8716308
		mem[ 4 ] 17039370
		mem[ 5 ] 5963782
		mem[ 6 ] 7143431
		mem[ 7 ] 8257542
		mem[ 8 ] 2949125
		mem[ 9 ] 17170433
		mem[ 10 ] 655361
		mem[ 11 ] 1179650
		mem[ 12 ] 8847379
		mem[ 13 ] 2555908
		mem[ 14 ] 16842741
		mem[ 15 ] 25165824
		mem[ 16 ] 1103
		mem[ 17 ] 7043
		mem[ 18 ] 16
		mem[ 19 ] -1
		mem[ 20 ] 1
	registers:
		reg[ 0 ] 0
		reg[ 1 ] 3250541
		reg[ 2 ] 2258944
		reg[ 3 ] 7043
		reg[ 4 ] 5
		reg[ 5 ] 4096
		reg[ 6 ] 2048
		reg[ 7 ] -2049
end state

@@@
state:
	pc 12
	memory:
		mem[ 0 ] 8519696
		mem[ 1 ] 8585233
		mem[ 2 ] 8650770
		mem[ 3 ] 8716308
		mem[ 4 ] 17039370
		mem[ 5 ] 5963782
		mem[ 6 ] 7143431
		mem[ 7 ] 8257542
		mem[ 8 ] 2949125
		mem[ 9 ] 17170433
		mem[ 10 ] 655361
		mem[ 11 ] 1179650
		mem[ 12 ] 8847379
		mem[ 13 ] 2555908
		mem[ 14 ] 16842741
		mem[ 15 ] 25165824
		mem[ 16 ] 1103
		mem[ 17 ] 7043
		mem[ 18 ] 16
		mem[ 19 ] -1
		mem[ 20 ] 1
	registers:
		reg[ 0 ] 0
		reg[ 1 ] 3250541
		reg[ 2 ] 4517888
		reg[ 3 ] 7043
		reg[ 4 ] 5
		reg[ 5 ] 4096
		reg[ 6 ] 2048
		reg[ 7 ] -2049
end state

@@@
state:
	pc 13
	memory:
		mem[ 0 ] 8519696
		mem[ 1 ] 8585233
		mem[ 2 ] 8650770
		mem[ 3 ] 8716308
		mem[ 4 ] 17039370
		mem[ 5 ] 5963782
		mem[ 6 ] 7143431
		mem[ 7 ] 8257542
		mem[ 8 ] 2949125
		mem[ 9 ] 17170433
		mem[ 10 ] 655361
		mem[ 11 ] 1179650
		mem[ 12 ] 8847379
		mem[ 13 ] 2555908
		mem[ 14 ] 16842741
		mem[ 15 ] 25165824
		mem[ 16 ] 1103
		mem[ 17 ] 7043
		mem[ 18 ] 16
		mem[ 19 ] -1
		mem[ 20 ] 1
	registers:
		reg[ 0 ] 0
		reg[ 1 ] 3250541
		reg[ 2 ] 4517888
		reg[ 3 ] 7043
		reg[ 4 ] 5
		reg[ 5 ] 4096
		reg[ 6 ] 2048
		reg[ 7 ] -1
end state

@@@
state:
	pc 14
	memory:
		mem[ 0 ] 8519696
		mem[ 1 ] 8585233
		mem[ 2 ] 8650770
		mem[ 3 ] 8716308
		mem[ 4 ] 17039370
		mem[ 5 ] 5963782
		mem[ 6 ] 7143431
		mem[ 7 ] 8257542
		mem[ 8 ] 2949125
		mem[ 9 ] 17170433
		mem[ 10 ] 655361
		mem[ 11 ] 1179650
		mem[ 12 ] 8847379
		mem[ 13 ] 2555908
		mem[ 14 ] 16842741
		mem[ 15 ] 25165824
		mem[ 16 ] 1103
		mem[ 17 ] 7043
		mem[ 18 ] 16
		mem[ 19 ] -1
		mem[ 20 ] 1
	registers:
		reg[ 0 ] 0
		reg[ 1 ] 3250541
		reg[ 2 ] 4517888
		reg[ 3 ] 7043
		reg[ 4 ] 4
		reg[ 5 ] 4096
		reg[ 6 ] 2048
		reg[ 7 ] -1
end state

@@@
state:
	pc 4
	memory:
		mem[ 0 ] 8519696
		mem[ 1 ] 8585233
		mem[ 2 ] 8650770
		mem[ 3 ] 8716308
		mem[ 4 ] 17039370
		mem[ 5 ] 5963782
		mem[ 6 ] 7143431
		mem[ 7 ] 8257542
		mem[ 8 ] 2949125
		mem[ 9 ] 17170433
		mem[ 10 ] 655361
		mem[ 11 ] 1179650
		mem[ 12 ] 8847379
		mem[ 13 ] 2555908
		mem[ 14 ] 16842741
		mem[ 15 ] 25165824
		mem[ 16 ] 1103
		mem[ 17 ] 7043
		mem[ 18 ] 16
		mem[ 19 ] -1
		mem[ 20 ] 1
	registers:
		reg[ 0 ] 0
		reg[ 1 ] 3250541
		reg[ 2 ] 4517888
		reg[ 3 ] 7043
		reg[ 4 ] 4
		reg[ 5 ] 4096
		reg[ 6 ] 2048
		reg[ 7 ] -1
end state

@@@
state:
	pc 5
	memory:
		mem[ 0 ] 8519696
		mem[ 1 ] 8585233
		mem[ 2 ] 8650770
		mem[ 3 ] 8716308
		mem[ 4 ] 17039370
		mem[ 5 ] 5963782
		mem[ 6 ] 7143431
		mem[ 7 ] 8257542
		mem[ 8 ] 2949125
		mem[ 9 ] 17170433
		mem[ 10 ] 655361
		mem[ 11 ] 1179650
		mem[ 12 ] 8847379
		mem[ 13 ] 2555908
		mem[ 14 ] 16842741
		mem[ 15 ] 25165824
		mem[ 16 ] 1103
		mem[ 17 ] 7043
		mem[ 18 ] 16
		mem[ 19 ] -1
		mem[ 20 ] 1
	registers:
		reg[ 0 ] 0
		reg[ 1 ] 3250541
		reg[ 2 ] 4517888
		reg[ 3 ] 7043
		reg[ 4 ] 4
		reg[ 5 ] 4096
		reg[ 6 ] 2048
		reg[ 7 ] -1
end state

@@@
state:
	pc 6
	memory:
		mem[ 0 ] 8519696
		mem[ 1 ] 8585233
		mem[ 2 ] 8650770
		mem[ 3 ] 8716308
		mem[ 4 ] 17039370
		mem[ 5 ] 5963782
		mem[ 6 ] 7143431
		mem[ 7 ] 8257542
		mem[ 8 ] 2949125
		mem[ 9 ] 17170433
		mem[ 10 ] 655361
		mem[ 11 ] 1179650
		mem[ 12 ] 8847379
		mem[ 13 ] 2555908
		mem[ 14 ] 16842741
		mem[ 15 ] 25165824
		mem[ 16 ] 1103
		mem[ 17 ] 7043
		mem[ 18 ] 16
		mem[ 19 ] -1
		mem[ 20 ] 1
	registers:
		reg[ 0 ] 0
		reg[ 1 ] 3250541
		reg[ 2 ] 4517888
		reg[ 3 ] 7043
		reg[ 4 ] 4
		reg[ 5 ] 4096
		reg[ 6 ] -7044
		reg[ 7 ] -1
end state

@@@
state:
	pc 7
	memory:
		mem[ 0 ] 8519696
		mem[ 1 ] 8585233
		mem[ 2 ] 8650770
		mem[ 3 ] 8716308
		mem[ 4 ] 17039370
		mem[ 5 ] 5963782
		mem[ 6 ] 7143431
		mem[ 7 ] 8257542
		mem[ 8 ] 2949125
		mem[ 9 ] 17170433
		mem[ 10 ] 655361
		mem[ 11 ] 1179650
		mem[ 12 ] 8847379
		mem[ 13 ] 2555908
		mem[ 14 ] 16842741
		mem[ 15 ] 25165824
		mem[ 16 ] 1103
		mem[ 17 ] 7043
		mem[ 18 ] 16
		mem[ 19 ] -1
		mem[ 20 ] 1
	registers:
		reg[ 0 ] 0
		reg[ 1 ] 3250541
		reg[ 2 ] 4517888
		reg[ 3 ] 7043
		reg[ 4 ] 4
		reg[ 5 ] 4096
		reg[ 6 ] -7044
		reg[ 7 ] -4097
end state

@@@
state:
	pc 8
	memory:
		mem[ 0 ] 8519696
		mem[ 1 ] 8585233
		mem[ 2 ] 8650770
		mem[ 3 ] 8716308
		mem[ 4 ] 17039370
		mem[ 5 ] 5963782
		mem[ 6 ] 7143431
		mem[ 7 ] 8257542
		mem[ 8 ] 2949125
		mem[ 9 ] 17170433
		mem[ 10 ] 655361
		mem[ 11 ] 1179650
		mem[ 12 ] 8847379
		mem[ 13 ] 2555908
		mem[ 14 ] 16842741
		mem[ 15 ] 25165824
		mem[ 16 ] 1103
		mem[ 17 ] 7043
		mem[ 18 ] 16
		mem[ 19 ] -1
		mem[ 20 ] 1
	registers:
		reg[ 0 ] 0
		reg[ 1 ] 3250541
		reg[ 2 ] 4517888
		reg[ 3 ] 7043
		reg[ 4 ] 4
		reg[ 5 ] 4096
		reg[ 6 ] 4096
		reg[ 7 ] -4097
end state

@@@
state:
	pc 9
	memory:
		mem[ 0 ] 8519696
		mem[ 1 ] 8585233
		mem[ 2 ] 8650770
		mem[ 3 ] 8716308
		mem[ 4 ] 17039370
		mem[ 5 ] 5963782
		mem[ 6 ] 7143431
		mem[ 7 ] 8257542
		mem[ 8 ] 2949125
		mem[ 9 ] 17170433
		mem[ 10 ] 655361
		mem[ 11 ] 1179650
		mem[ 12 ] 8847379
		mem[ 13 ] 2555908
		mem[ 14 ] 16842741
		mem[ 15 ] 25165824
		mem[ 16 ] 1103
		mem[ 17 ] 7043
		mem[ 18 ] 16
		mem[ 19 ] -1
		mem[ 20 ] 1
	registers:
		reg[ 0 ] 0
		reg[ 1 ] 3250541
		reg[ 2 ] 4517888
		reg[ 3 ] 7043
		reg[ 4 ] 4
		reg[ 5 ] 8192
		reg[ 6 ] 4096
		reg[ 7 ] -4097
end state

@@@
state:
	pc 10
	memory:
		mem[ 0 ] 8519696
		mem[ 1 ] 8585233
		mem[ 2 ] 8650770
		mem[ 3 ] 8716308
		mem[ 4 ] 17039370
		mem[ 5 ] 5963782
		mem[ 6 ] 7143431
		mem[ 7 ] 8257542
		mem[ 8 ] 2949125
		mem[ 9 ] 17170433
		mem[ 10 ] 655361
		mem[ 11 ] 1179650
		mem[ 12 ] 8847379
		mem[ 13 ] 2555908
		mem[ 14 ] 16842741
		mem[ 15 ] 25165824
		mem[ 16 ] 1103
		mem[ 17 ] 7043
		mem[ 18 ] 16
		mem[ 19 ] -1
		mem[ 20 ] 1
	registers:
		reg[ 0 ] 0
		reg[ 1 ] 3250541
		reg[ 2 ] 4517888
		reg[ 3 ] 7043
		reg[ 4 ] 4
		reg[ 5 ] 8192
		reg[ 6 ] 4096
		reg[ 7 ] -4097
end state

@@@
state:
	pc 11
	memory:
		mem[ 0 ] 8519696
		mem[ 1 ] 8585233
		mem[ 2 ] 8650770
		mem[ 3 ] 8716308
		mem[ 4 ] 17039370
		mem[ 5 ] 5963782
		mem[ 6 ] 7143431
		mem[ 7 ] 8257542
		mem[ 8 ] 2949125
		mem[ 9 ] 17170433
		mem[ 10 ] 655361
		mem[ 11 ] 1179650
		mem[ 12 ] 8847379
		mem[ 13 ] 2555908
		mem[ 14 ] 16842741
		mem[ 15 ] 25165824
		mem[ 16 ] 1103
		mem[ 17 ] 7043
		mem[ 18 ] 16
		mem[ 19 ] -1
		mem[ 20 ] 1
	registers:
		reg[ 0 ] 0
		reg[ 1 ] 7768429
		reg[ 2 ] 4517888
		reg[ 3 ] 7043
		reg[ 4 ] 4
		reg[ 5 ] 8192
		reg[ 6 ] 4096
		reg[ 7 ] -4097
end state

@@@
state:
	pc 12
	memory:
		mem[ 0 ] 8519696
		mem[ 1 ] 8585233
		mem[ 2 ] 8650770
		mem[ 3 ] 8716308
		mem[ 4 ] 17039370
		mem[ 5 ] 5963782
		mem[ 6 ] 7143431
		mem[ 7 ] 8257542
		mem[ 8 ] 2949125
		mem[ 9 ] 17170433
		mem[ 10 ] 655361
		mem[ 11 ] 1179650
		mem[ 12 ] 8847379
		mem[ 13 ] 2555908
		mem[ 14 ] 16842741
		mem[ 15 ] 25165824
		mem[ 16 ] 1103
		mem[ 17 ] 7043
		mem[ 18 ] 16
		mem[ 19 ] -1
		mem[ 20 ] 1
	registers:
		reg[ 0 ] 0
		reg[ 1 ] 7768429
		reg[ 2 ] 9035776
		reg[ 3 ] 7043
		reg[ 4 ] 4
		reg[ 5 ] 8192
		reg[ 6 ] 4096
		reg[ 7 ] -4097
end state

@@@
state:
	pc 13
	memory:
		mem[ 0 ] 8519696
		mem[ 1 ] 8585233
		mem[ 2 ] 8650770
		mem[ 3 ] 8716308
		mem[ 4 ] 17039370
		mem[ 5 ] 5963782
		mem[ 6 ] 7143431
		mem[ 7 ] 8257542
		mem[ 8 ] 2949125
		mem[ 9 ] 17170433
		mem[ 10 ] 655361
		mem[ 11 ] 1179650
		mem[ 12 ] 8847379
		mem[ 13 ] 2555908
		mem[ 14 ] 16842741
		mem[ 15 ] 25165824
		mem[ 16 ] 1103
		mem[ 17 ] 7043
		mem[ 18 ] 16
		mem[ 19 ] -1
		mem[ 20 ] 1
	registers:
		reg[ 0 ] 0
		reg[ 1 ] 7768429
		reg[ 2 ] 9035776
		reg[ 3 ] 7043
		reg[ 4 ] 4
		reg[ 5 ] 8192
		reg[ 6 ] 4096
		reg[ 7 ] -1
end state

@@@
state:
	pc 14
	memory:
		mem[ 0 ] 8519696
		mem[ 1 ] 8585233
		mem[ 2 ] 8650770
		mem[ 3 ] 8716308
		mem[ 4 ] 17039370
		mem[ 5 ] 5963782
		mem[ 6 ] 7143431
		mem[ 7 ] 8257542
		mem[ 8 ] 2949125
		mem[ 9 ] 17170433
		mem[ 10 ] 655361
		mem[ 11 ] 1179650
		mem[ 12 ] 8847379
		mem[ 13 ] 2555908
		mem[ 14 ] 16842741
		mem[ 15 ] 25165824
		mem[ 16 ] 1103
		mem[ 17 ] 7043
		mem[ 18 ] 16
		mem[ 19 ] -1
		mem[ 20 ] 1
	registers:
		reg[ 0 ] 0
		reg[ 1 ] 7768429
		reg[ 2 ] 9035776
		reg[ 3 ] 7043
		reg[ 4 ] 3
		reg[ 5 ] 8192
		reg[ 6 ] 4096
		reg[ 7 ] -1
end state

@@@
state:
	pc 4
	memory:
		mem[ 0 ] 8519696
		mem[ 1 ] 8585233
		mem[ 2 ] 8650770
		mem[ 3 ] 8716308
		mem[ 4 ] 17039370
		mem[ 5 ] 5963782
		mem[ 6 ] 7143431
		mem[ 7 ] 8257542
		mem[ 8 ] 2949125
		mem[ 9 ] 17170433
		mem[ 10 ] 655361
		mem[ 11 ] 1179650
		mem[ 12 ] 8847379
		mem[ 13 ] 2555908
		mem[ 14 ] 16842741
		mem[ 15 ] 25165824
		mem[ 16 ] 1103
		mem[ 17 ] 7043
		mem[ 18 ] 16
		mem[ 19 ] -1
		mem[ 20 ] 1
	registers:
		reg[ 0 ] 0
		reg[ 1 ] 7768429
		reg[ 2 ] 9035776
		reg[ 3 ] 7043
		reg[ 4 ] 3
		reg[ 5 ] 8192
		reg[ 6 ] 4096
		reg[ 7 ] -1
end state

@@@
state:
	pc 5
	memory:
		mem[ 0 ] 8519696
		mem[ 1 ] 8585233
		mem[ 2 ] 8650770
		mem[ 3 ] 8716308
		mem[ 4 ] 17039370
		mem[ 5 ] 5963782
		mem[ 6 ] 7143431
		mem[ 7 ] 8257542
		mem[ 8 ] 2949125
		mem[ 9 ] 17170433
		mem[ 10 ] 655361
		mem[ 11 ] 1179650
		mem[ 12 ] 8847379
		mem[ 13 ] 2555908
		mem[ 14 ] 16842741
		mem[ 15 ] 25165824
		mem[ 16 ] 1103
		mem[ 17 ] 7043
		mem[ 18 ] 16
		mem[ 19 ] -1
		mem[ 20 ] 1
	registers:
		reg[ 0 ] 0
		reg[ 1 ] 7768429
		reg[ 2 ] 9035776
		reg[ 3 ] 7043
		reg[ 4 ] 3
		reg[ 5 ] 8192
		reg[ 6 ] 4096
		reg[ 7 ] -1
end state

@@@
state:
	pc 6
	memory:
		mem[ 0 ] 8519696
		mem[ 1 ] 8585233
		mem[ 2 ] 8650770
		mem[ 3 ] 8716308
		mem[ 4 ] 17039370
		mem[ 5 ] 5963782
		mem[ 6 ] 7143431
		mem[ 7 ] 8257542
		mem[ 8 ] 2949125
		mem[ 9 ] 17170433
		mem[ 10 ] 655361
		mem[ 11 ] 1179650
		mem[ 12 ] 8847379
		mem[ 13 ] 2555908
		mem[ 14 ] 16842741
		mem[ 15 ] 25165824
		mem[ 16 ] 1103
		mem[ 17 ] 7043
		mem[ 18 ] 16
		mem[ 19 ] -1
		mem[ 20 ] 1
	registers:
		reg[ 0 ] 0
		reg[ 1 ] 7768429
		reg[ 2 ] 9035776
		reg[ 3 ] 7043
		reg[ 4 ] 3
		reg[ 5 ] 8192
		reg[ 6 ] -7044
		reg[ 7 ] -1
end state

@@@
state:
	pc 7
	memory:
		mem[ 0 ] 8519696
		mem[ 1 ] 8585233
		mem[ 2 ] 8650770
		mem[ 3 ] 8716308
		mem[ 4 ] 17039370
		mem[ 5 ] 5963782
		mem[ 6 ] 7143431
		mem[ 7 ] 8257542
		mem[ 8 ] 2949125
		mem[ 9 ] 17170433
		mem[ 10 ] 655361
		mem[ 11 ] 1179650
		mem[ 12 ] 8847379
		mem[ 13 ] 2555908
		mem[ 14 ] 16842741
		mem[ 15 ] 25165824
		mem[ 16 ] 1103
		mem[ 17 ] 7043
		mem[ 18 ] 16
		mem[ 19 ] -1
		mem[ 20 ] 1
	registers:
		reg[ 0 ] 0
		reg[ 1 ] 7768429
		reg[ 2 ] 9035776
		reg[ 3 ] 7043
		reg[ 4 ] 3
		reg[ 5 ] 8192
		reg[ 6 ] -7044
		reg[ 7 ] -8193
end state

@@@
state:
	pc 8
	memory:
		mem[ 0 ] 8519696
		mem[ 1 ] 8585233
		mem[ 2 ] 8650770
		mem[ 3 ] 8716308
		mem[ 4 ] 17039370
		mem[ 5 ] 5963782
		mem[ 6 ] 7143431
		mem[ 7 ] 8257542
		mem[ 8 ] 2949125
		mem[ 9 ] 17170433
		mem[ 10 ] 655361
		mem[ 11 ] 1179650
		mem[ 12 ] 8847379
		mem[ 13 ] 2555908
		mem[ 14 ] 16842741
		mem[ 15 ] 25165824
		mem[ 16 ] 1103
		mem[ 17 ] 7043
		mem[ 18 ] 16
		mem[ 19 ] -1
		mem[ 20 ] 1
	registers:
		reg[ 0 ] 0
		reg[ 1 ] 7768429
		reg[ 2 ] 9035776
		reg[ 3 ] 7043
		reg[ 4 ] 3
		reg[ 5 ] 8192
		reg[ 6 ] 0
		reg[ 7 ] -8193
end state

@@@
state:
	pc 9
	memory:
		mem[ 0 ] 8519696
		mem[ 1 ] 8585233
		mem[ 2 ] 8650770
		mem[ 3 ] 8716308
		mem[ 4 ] 17039370
		mem[ 5 ] 5963782
		mem[ 6 ] 7143431
		mem[ 7 ] 8257542
		mem[ 8 ] 2949125
		mem[ 9 ] 17170433
		mem[ 10 ] 655361
		mem[ 11 ] 1179650
		mem[ 12 ] 8847379
		mem[ 13 ] 2555908
		mem[ 14 ] 16842741
		mem[ 15 ] 25165824
		mem[ 16 ] 1103
		mem[ 17 ] 7043
		mem[ 18 ] 16
		mem[ 19 ] -1
		mem[ 20 ] 1
	registers:
		reg[ 0 ] 0
		reg[ 1 ] 7768429
		reg[ 2 ] 9035776
		reg[ 3 ] 7043
		reg[ 4 ] 3
		reg[ 5 ] 16384
		reg[ 6 ] 0
		reg[ 7 ] -8193
end state

@@@
state:
	pc 11
	memory:
		mem[ 0 ] 8519696
		mem[ 1 ] 8585233
		mem[ 2 ] 8650770
		mem[ 3 ] 8716308
		mem[ 4 ] 17039370
		mem[ 5 ] 5963782
		mem[ 6 ] 7143431
		mem[ 7 ] 8257542
		mem[ 8 ] 2949125
		mem[ 9 ] 17170433
		mem[ 10 ] 655361
		mem[ 11 ] 1179650
		mem[ 12 ] 8847379
		mem[ 13 ] 2555908
		mem[ 14 ] 16842741
		mem[ 15 ] 25165824
		mem[ 16 ] 1103
		mem[ 17 ] 7043
		mem[ 18 ] 16
		mem[ 19 ] -1
		mem[ 20 ] 1
	registers:
		reg[ 0 ] 0
		reg[ 1 ] 7768429
		reg[ 2 ] 9035776
		reg[ 3 ] 7043
		reg[ 4 ] 3
		reg[ 5 ] 16384
		reg[ 6 ] 0
		reg[ 7 ] -8193
end state

@@@
state:
	pc 12
	memory:
		mem[ 0 ] 8519696
		mem[ 1 ] 8585233
		mem[ 2 ] 8650770
		mem[ 3 ] 8716308
		mem[ 4 ] 17039370
		mem[ 5 ] 5963782
		mem[ 6 ] 7143431
		mem[ 7 ] 8257542
		mem[ 8 ] 2949125
		mem[ 9 ] 17170433
		mem[ 10 ] 655361
		mem[ 11 ] 1179650
		mem[ 12 ] 8847379
		mem[ 13 ] 2555908
		mem[ 14 ] 16842741
		mem[ 15 ] 25165824
		mem[ 16 ] 1103
		mem[ 17 ] 7043
		mem[ 18 ] 16
		mem[ 19 ] -1
		mem[ 20 ] 1
	registers:
		reg[ 0 ] 0
		reg[ 1 ] 7768429
		reg[ 2 ] 18071552
		reg[ 3 ] 7043
		reg[ 4 ] 3
		reg[ 5 ] 16384
		reg[ 6 ] 0
		reg[ 7 ] -8193
end state

@@@
state:
	pc 13
	memory:
		mem[ 0 ] 8519696
		mem[ 1 ] 8585233
		mem[ 2 ] 8650770
		mem[ 3 ] 8716308
		mem[ 4 ] 17039370
		mem[ 5 ] 5963782
		mem[ 6 ] 7143431
		mem[ 7 ] 8257542
		mem[ 8 ] 2949125
		mem[ 9 ] 17170433
		mem[ 10 ] 655361
		mem[ 11 ] 1179650
		mem[ 12 ] 8847379
		mem[ 13 ] 2555908
		mem[ 14 ] 16842741
		mem[ 15 ] 25165824
		mem[ 16 ] 1103
		mem[ 17 ] 7043
		mem[ 18 ] 16
		mem[ 19 ] -1
		mem[ 20 ] 1
	registers:
		reg[ 0 ] 0
		reg[ 1 ] 7768429
		reg[ 2 ] 18071552
		reg[ 3 ] 7043
		reg[ 4 ] 3
		reg[ 5 ] 16384
		reg[ 6 ] 0
		reg[ 7 ] -1
end state

@@@
state:
	pc 14
	memory:
		mem[ 0 ] 8519696
		mem[ 1 ] 8585233
		mem[ 2 ] 8650770
		mem[ 3 ] 8716308
		mem[ 4 ] 17039370
		mem[ 5 ] 5963782
		mem[ 6 ] 7143431
		mem[ 7 ] 8257542
		mem[ 8 ] 2949125
		mem[ 9 ] 17170433
		mem[ 10 ] 655361
		mem[ 11 ] 1179650
		mem[ 12 ] 8847379
		mem[ 13 ] 2555908
		mem[ 14 ] 16842741
		mem[ 15 ] 25165824
		mem[ 16 ] 1103
		mem[ 17 ] 7043
		mem[ 18 ] 16
		mem[ 19 ] -1
		mem[ 20 ] 1
	registers:
		reg[ 0 ] 0
		reg[ 1 ] 7768429
		reg[ 2 ] 18071552
		reg[ 3 ] 7043
		reg[ 4 ] 2
		reg[ 5 ] 16384
		reg[ 6 ] 0
		reg[ 7 ] -1
end state

@@@
state:
	pc 4
	memory:
		mem[ 0 ] 8519696
		mem[ 1 ] 8585233
		mem[ 2 ] 8650770
		mem[ 3 ] 8716308
		mem[ 4 ] 17039370
		mem[ 5 ] 5963782
		mem[ 6 ] 7143431
		mem[ 7 ] 8257542
		mem[ 8 ] 2949125
		mem[ 9 ] 17170433
		mem[ 10 ] 655361
		mem[ 11 ] 1179650
		mem[ 12 ] 8847379
		mem[ 13 ] 2555908
		mem[ 14 ] 16842741
		mem[ 15 ] 25165824
		mem[ 16 ] 1103
		mem[ 17 ] 7043
		mem[ 18 ] 16
		mem[ 19 ] -1
		mem[ 20 ] 1
	registers:
		reg[ 0 ] 0
		reg[ 1 ] 7768429
		reg[ 2 ] 18071552
		reg[ 3 ] 7043
		reg[ 4 ] 2
		reg[ 5 ] 16384
		reg[ 6 ] 0
		reg[ 7 ] -1
end state

@@@
state:
	pc 5
	memory:
		mem[ 0 ] 8519696
		mem[ 1 ] 8585233
		mem[ 2 ] 8650770
		mem[ 3 ] 8716308
		mem[ 4 ] 17039370
		mem[ 5 ] 5963782
		mem[ 6 ] 7143431
		mem[ 7 ] 8257542
		mem[ 8 ] 2949125
		mem[ 9 ] 17170433
		mem[ 10 ] 655361
		mem[ 11 ] 1179650
		mem[ 12 ] 8847379
		mem[ 13 ] 2555908
		mem[ 14 ] 16842741
		mem[ 15 ] 25165824
		mem[ 16 ] 1103
		mem[ 17 ] 7043
		mem[ 18 ] 16
		mem[ 19 ] -1
		mem[ 20 ] 1
	registers:
		reg[ 0 ] 0
		reg[ 1 ] 7768429
		reg[ 2 ] 18071552
		reg[ 3 ] 7043
		reg[ 4 ] 2
		reg[ 5 ] 16384
		reg[ 6 ] 0
		reg[ 7 ] -1
end state

@@@
state:
	pc 6
	memory:
		mem[ 0 ] 8519696
		mem[ 1 ] 8585233
		mem[ 2 ] 8650770
		mem[ 3 ] 8716308
		mem[ 4 ] 17039370
		mem[ 5 ] 5963782
		mem[ 6 ] 7143431
		mem[ 7 ] 8257542
		mem[ 8 ] 2949125
		mem[ 9 ] 17170433
		mem[ 10 ] 655361
		mem[ 11 ] 1179650
		mem[ 12 ] 8847379
		mem[ 13 ] 2555908
		mem[ 14 ] 16842741
		mem[ 15 ] 25165824
		mem[ 16 ] 1103
		mem[ 17 ] 7043
		mem[ 18 ] 16
		mem[ 19 ] -1
		mem[ 20 ] 1
	registers:
		reg[ 0 ] 0
		reg[ 1 ] 7768429
		reg[ 2 ] 18071552
		reg[ 3 ] 7043
		reg[ 4 ] 2
		reg[ 5 ] 16384
		reg[ 6 ] -7044
		reg[ 7 ] -1
end state

@@@
state:
	pc 7
	memory:
		mem[ 0 ] 8519696
		mem[ 1 ] 8585233
		mem[ 2 ] 8650770
		mem[ 3 ] 8716308
		mem[ 4 ] 17039370
		mem[ 5 ] 5963782
		mem[ 6 ] 7143431
		mem[ 7 ] 8257542
		mem[ 8 ] 2949125
		mem[ 9 ] 17170433
		mem[ 10 ] 655361
		mem[ 11 ] 1179650
		mem[ 12 ] 8847379
		mem[ 13 ] 2555908
		mem[ 14 ] 16842741
		mem[ 15 ] 25165824
		mem[ 16 ] 1103
		mem[ 17 ] 7043
		mem[ 18 ] 16
		mem[ 19 ] -1
		mem[ 20 ] 1
	registers:
		reg[ 0 ] 0
		reg[ 1 ] 7768429
		reg[ 2 ] 18071552
		reg[ 3 ] 7043
		reg[ 4 ] 2
		reg[ 5 ] 16384
		reg[ 6 ] -7044
		reg[ 7 ] -16385
end state

@@@
state:
	pc 8
	memory:
		mem[ 0 ] 8519696
		mem[ 1 ] 8585233
		mem[ 2 ] 8650770
		mem[ 3 ] 8716308
		mem[ 4 ] 17039370
		mem[ 5 ] 5963782
		mem[ 6 ] 7143431
		mem[ 7 ] 8257542
		mem[ 8 ] 2949125
		mem[ 9 ] 17170433
		mem[ 10 ] 655361
		mem[ 11 ] 1179650
		mem[ 12 ] 8847379
		mem[ 13 ] 2555908
		mem[ 14 ] 16842741
		mem[ 15 ] 25165824
		mem[ 16 ] 1103
		mem[ 17 ] 7043
		mem[ 18 ] 16
		mem[ 19 ] -1
		mem[ 20 ] 1
	registers:
		reg[ 0 ] 0
		reg[ 1 ] 7768429
		reg[ 2 ] 18071552
		reg[ 3 ] 7043
		reg[ 4 ] 2
		reg[ 5 ] 16384
		reg[ 6 ] 0
		reg[ 7 ] -16385
end state

@@@
state:
	pc 9
	memory:
		mem[ 0 ] 8519696
		mem[ 1 ] 8585233
		mem[ 2 ] 8650770
		mem[ 3 ] 8716308
		mem[ 4 ] 17039370
		mem[ 5 ] 5963782
		mem[ 6 ] 7143431
		mem[ 7 ] 8257542
		mem[ 8 ] 2949125
		mem[ 9 ] 17170433
		mem[ 10 ] 655361
		mem[ 11 ] 1179650
		mem[ 12 ] 8847379
		mem[ 13 ] 2555908
		mem[ 14 ] 16842741
		mem[ 15 ] 25165824
		mem[ 16 ] 1103
		mem[ 17 ] 7043
		mem[ 18 ] 16
		mem[ 19 ] -1
		mem[ 20 ] 1
	registers:
		reg[ 0 ] 0
		reg[ 1 ] 7768429
		reg[ 2 ] 18071552
		reg[ 3 ] 7043
		reg[ 4 ] 2
		reg[ 5 ] 32768
		reg[ 6 ] 0
		reg[ 7 ] -16385
end state

@@@
state:
	pc 11
	memory:
		mem[ 0 ] 8519696
		mem[ 1 ] 8585233
		mem[ 2 ] 8650770
		mem[ 3 ] 8716308
		mem[ 4 ] 17039370
		mem[ 5 ] 5963782
		mem[ 6 ] 7143431
		mem[ 7 ] 8257542
		mem[ 8 ] 2949125
		mem[ 9 ] 17170433
		mem[ 10 ] 655361
		mem[ 11 ] 1179650
		mem[ 12 ] 8847379
		mem[ 13 ] 2555908
		mem[ 14 ] 16842741
		mem[ 15 ] 25165824
		mem[ 16 ] 1103
		mem[ 17 ] 7043
		mem[ 18 ] 16
		mem[ 19 ] -1
		mem[ 20 ] 1
	registers:
		reg[ 0 ] 0
		reg[ 1 ] 7768429
		reg[ 2 ] 18071552
		reg[ 3 ] 7043
		reg[ 4 ] 2
		reg[ 5 ] 32768
		reg[ 6 ] 0
		reg[ 7 ] -16385
end state

@@@
state:
	pc 12
	memory:
		mem[ 0 ] 8519696
		mem[ 1 ] 8585233
		mem[ 2 ] 8650770
		mem[ 3 ] 8716308
		mem[ 4 ] 17039370
		mem[ 5 ] 5963782
		mem[ 6 ] 7143431
		mem[ 7 ] 8257542
		mem[ 8 ] 2949125
		mem[ 9 ] 17170433
		mem[ 10 ] 655361
		mem[ 11 ] 1179650
		mem[ 12 ] 8847379
		mem[ 13 ] 2555908
		mem[ 14 ] 16842741
		mem[ 15 ] 25165824
		mem[ 16 ] 1103
		mem[ 17 ] 7043
		mem[ 18 ] 16
		mem[ 19 ] -1
		mem[ 20 ] 1
	registers:
		reg[ 0 ] 0
		reg[ 1 ] 7768429
		reg[ 2 ] 36143104
		reg[ 3 ] 7043
		reg[ 4 ] 2
		reg[ 5 ] 32768
		reg[ 6 ] 0
		reg[ 7 ] -16385
end state

@@@
state:
	pc 13
	memory:
		mem[ 0 ] 8519696
		mem[ 1 ] 8585233
		mem[ 2 ] 8650770
		mem[ 3 ] 8716308
		mem[ 4 ] 17039370
		mem[ 5 ] 5963782
		mem[ 6 ] 7143431
		mem[ 7 ] 8257542
		mem[ 8 ] 2949125
		mem[ 9 ] 17170433
		mem[ 10 ] 655361
		mem[ 11 ] 1179650
		mem[ 12 ] 8847379
		mem[ 13 ] 2555908
		mem[ 14 ] 16842741
		mem[ 15 ] 25165824
		mem[ 16 ] 1103
		mem[ 17 ] 7043
		mem[ 18 ] 16
		mem[ 19 ] -1
		mem[ 20 ] 1
	registers:
		reg[ 0 ] 0
		reg[ 1 ] 7768429
		reg[ 2 ] 36143104
		reg[ 3 ] 7043
		reg[ 4 ] 2
		reg[ 5 ] 32768
		reg[ 6 ] 0
		reg[ 7 ] -1
end state

@@@
state:
	pc 14
	memory:
		mem[ 0 ] 8519696
		mem[ 1 ] 8585233
		mem[ 2 ] 8650770
		mem[ 3 ] 8716308
		mem[ 4 ] 17039370
		mem[ 5 ] 5963782
		mem[ 6 ] 7143431
		mem[ 7 ] 8257542
		mem[ 8 ] 2949125
		mem[ 9 ] 17170433
		mem[ 10 ] 655361
		mem[ 11 ] 1179650
		mem[ 12 ] 8847379
		mem[ 13 ] 2555908
		mem[ 14 ] 16842741
		mem[ 15 ] 25165824
		mem[ 16 ] 1103
		mem[ 17 ] 7043
		mem[ 18 ] 16
		mem[ 19 ] -1
		mem[ 20 ] 1
	registers:
		reg[ 0 ] 0
		reg[ 1 ] 7768429
		reg[ 2 ] 36143104
		reg[ 3 ] 7043
		reg[ 4 ] 1
		reg[ 5 ] 32768
		reg[ 6 ] 0
		reg[ 7 ] -1
end state

@@@
state:
	pc 4
	memory:
		mem[ 0 ] 8519696
		mem[ 1 ] 8585233
		mem[ 2 ] 8650770
		mem[ 3 ] 8716308
		mem[ 4 ] 17039370
		mem[ 5 ] 5963782
		mem[ 6 ] 7143431
		mem[ 7 ] 8257542
		mem[ 8 ] 2949125
		mem[ 9 ] 17170433
		mem[ 10 ] 655361
		mem[ 11 ] 1179650
		mem[ 12 ] 8847379
		mem[ 13 ] 2555908
		mem[ 14 ] 16842741
		mem[ 15 ] 25165824
		mem[ 16 ] 1103
		mem[ 17 ] 7043
		mem[ 18 ] 16
		mem[ 19 ] -1
		mem[ 20 ] 1
	registers:
		reg[ 0 ] 0
		reg[ 1 ] 7768429
		reg[ 2 ] 36143104
		reg[ 3 ] 7043
		reg[ 4 ] 1
		reg[ 5 ] 32768
		reg[ 6 ] 0
		reg[ 7 ] -1
end state

@@@
state:
	pc 5
	memory:
		mem[ 0 ] 8519696
		mem[ 1 ] 8585233
		mem[ 2 ] 8650770
		mem[ 3 ] 8716308
		mem[ 4 ] 17039370
		mem[ 5 ] 5963782
		mem[ 6 ] 7143431
		mem[ 7 ] 8257542
		mem[ 8 ] 2949125
		mem[ 9 ] 17170433
		mem[ 10 ] 655361
		mem[ 11 ] 1179650
		mem[ 12 ] 8847379
		mem[ 13 ] 2555908
		mem[ 14 ] 16842741
		mem[ 15 ] 25165824
		mem[ 16 ] 1103
		mem[ 17 ] 7043
		mem[ 18 ] 16
		mem[ 19 ] -1
		mem[ 20 ] 1
	registers:
		reg[ 0 ] 0
		reg[ 1 ] 7768429
		reg[ 2 ] 36143104
		reg[ 3 ] 7043
		reg[ 4 ] 1
		reg[ 5 ] 32768
		reg[ 6 ] 0
		reg[ 7 ] -1
end state

@@@
state:
	pc 6
	memory:
		mem[ 0 ] 8519696
		mem[ 1 ] 8585233
		mem[ 2 ] 8650770
		mem[ 3 ] 8716308
		mem[ 4 ] 17039370
		mem[ 5 ] 5963782
		mem[ 6 ] 7143431
		mem[ 7 ] 8257542
		mem[ 8 ] 2949125
		mem[ 9 ] 17170433
		mem[ 10 ] 655361
		mem[ 11 ] 1179650
		mem[ 12 ] 8847379
		mem[ 13 ] 2555908
		mem[ 14 ] 16842741
		mem[ 15 ] 25165824
		mem[ 16 ] 1103
		mem[ 17 ] 7043
		mem[ 18 ] 16
		mem[ 19 ] -1
		mem[ 20 ] 1
	registers:
		reg[ 0 ] 0
		reg[ 1 ] 7768429
		reg[ 2 ] 36143104
		reg[ 3 ] 7043
		reg[ 4 ] 1
		reg[ 5 ] 32768
		reg[ 6 ] -7044
		reg[ 7 ] -1
end state

@@@
state:
	pc 7
	memory:
		mem[ 0 ] 8519696
		mem[ 1 ] 8585233
		mem[ 2 ] 8650770
		mem[ 3 ] 8716308
		mem[ 4 ] 17039370
		mem[ 5 ] 5963782
		mem[ 6 ] 7143431
		mem[ 7 ] 8257542
		mem[ 8 ] 2949125
		mem[ 9 ] 17170433
		mem[ 10 ] 655361
		mem[ 11 ] 1179650
		mem[ 12 ] 8847379
		mem[ 13 ] 2555908
		mem[ 14 ] 16842741
		mem[ 15 ] 25165824
		mem[ 16 ] 1103
		mem[ 17 ] 7043
		mem[ 18 ] 16
		mem[ 19 ] -1
		mem[ 20 ] 1
	registers:
		reg[ 0 ] 0
		reg[ 1 ] 7768429
		reg[ 2 ] 36143104
		reg[ 3 ] 7043
		reg[ 4 ] 1
		reg[ 5 ] 32768
		reg[ 6 ] -7044
		reg[ 7 ] -32769
end state

@@@
state:
	pc 8
	memory:
		mem[ 0 ] 8519696
		mem[ 1 ] 8585233
		mem[ 2 ] 8650770
		mem[ 3 ] 8716308
		mem[ 4 ] 17039370
		mem[ 5 ] 5963782
		mem[ 6 ] 7143431
		mem[ 7 ] 8257542
		mem[ 8 ] 2949125
		mem[ 9 ] 17170433
		mem[ 10 ] 655361
		mem[ 11 ] 1179650
		mem[ 12 ] 8847379
		mem[ 13 ] 2555908
		mem[ 14 ] 16842741
		mem[ 15 ] 25165824
		mem[ 16 ] 1103
		mem[ 17 ] 7043
		mem[ 18 ] 16
		mem[ 19 ] -1
		mem[ 20 ] 1
	registers:
		reg[ 0 ] 0
		reg[ 1 ] 7768429
		reg[ 2 ] 36143104
		reg[ 3 ] 7043
		reg[ 4 ] 1
		reg[ 5 ] 32768
		reg[ 6 ] 0
		reg[ 7 ] -32769
end state

@@@
state:
	pc 9
	memory:
		mem[ 0 ] 8519696
		mem[ 1 ] 8585233
		mem[ 2 ] 8650770
		mem[ 3 ] 8716308
		mem[ 4 ] 17039370
		mem[ 5 ] 5963782
		mem[ 6 ] 7143431
		mem[ 7 ] 8257542
		mem[ 8 ] 2949125
		mem[ 9 ] 17170433
		mem[ 10 ] 655361
		mem[ 11 ] 1179650
		mem[ 12 ] 8847379
		mem[ 13 ] 2555908
		mem[ 14 ] 16842741
		mem[ 15 ] 25165824
		mem[ 16 ] 1103
		mem[ 17 ] 7043
		mem[ 18 ] 16
		mem[ 19 ] -1
		mem[ 20 ] 1
	registers:
		reg[ 0 ] 0
		reg[ 1 ] 7768429
		reg[ 2 ] 36143104
		reg[ 3 ] 7043
		reg[ 4 ] 1
		reg[ 5 ] 65536
		reg[ 6 ] 0
		reg[ 7 ] -32769
end state

@@@
state:
	pc 11
	memory:
		mem[ 0 ] 8519696
		mem[ 1 ] 8585233
		mem[ 2 ] 8650770
		mem[ 3 ] 8716308
		mem[ 4 ] 17039370
		mem[ 5 ] 5963782
		mem[ 6 ] 7143431
		mem[ 7 ] 8257542
		mem[ 8 ] 2949125
		mem[ 9 ] 17170433
		mem[ 10 ] 655361
		mem[ 11 ] 1179650
		mem[ 12 ] 8847379
		mem[ 13 ] 2555908
		mem[ 14 ] 16842741
		mem[ 15 ] 25165824
		mem[ 16 ] 1103
		mem[ 17 ] 7043
		mem[ 18 ] 16
		mem[ 19 ] -1
		mem[ 20 ] 1
	registers:
		reg[ 0 ] 0
		reg[ 1 ] 7768429
		reg[ 2 ] 36143104
		reg[ 3 ] 7043
		reg[ 4 ] 1
		reg[ 5 ] 65536
		reg[ 6 ] 0
		reg[ 7 ] -32769
end state

@@@
state:
	pc 12
	memory:
		mem[ 0 ] 8519696
		mem[ 1 ] 8585233
		mem[ 2 ] 8650770
		mem[ 3 ] 8716308
		mem[ 4 ] 17039370
		mem[ 5 ] 5963782
		mem[ 6 ] 7143431
		mem[ 7 ] 8257542
		mem[ 8 ] 2949125
		mem[ 9 ] 17170433
		mem[ 10 ] 655361
		mem[ 11 ] 1179650
		mem[ 12 ] 8847379
		mem[ 13 ] 2555908
		mem[ 14 ] 16842741
		mem[ 15 ] 25165824
		mem[ 16 ] 1103
		mem[ 17 ] 7043
		mem[ 18 ] 16
		mem[ 19 ] -1
		mem[ 20 ] 1
	registers:
		reg[ 0 ] 0
		reg[ 1 ] 7768429
		reg[ 2 ] 72286208
		reg[ 3 ] 7043
		reg[ 4 ] 1
		reg[ 5 ] 65536
		reg[ 6 ] 0
		reg[ 7 ] -32769
end state

@@@
state:
	pc 13
	memory:
		mem[ 0 ] 8519696
		mem[ 1 ] 8585233
		mem[ 2 ] 8650770
		mem[ 3 ] 8716308
		mem[ 4 ] 17039370
		mem[ 5 ] 5963782
		mem[ 6 ] 7143431
		mem[ 7 ] 8257542
		mem[ 8 ] 2949125
		mem[ 9 ] 17170433
		mem[ 10 ] 655361
		mem[ 11 ] 1179650
		mem[ 12 ] 8847379
		mem[ 13 ] 2555908
		mem[ 14 ] 16842741
		mem[ 15 ] 25165824
		mem[ 16 ] 1103
		mem[ 17 ] 7043
		mem[ 18 ] 16
		mem[ 19 ] -1
		mem[ 20 ] 1
	registers:
		reg[ 0 ] 0
		reg[ 1 ] 7768429
		reg[ 2 ] 72286208
		reg[ 3 ] 7043
		reg[ 4 ] 1
		reg[ 5 ] 65536
		reg[ 6 ] 0
		reg[ 7 ] -1
end state

@@@
state:
	pc 14
	memory:
		mem[ 0 ] 8519696
		mem[ 1 ] 8585233
		mem[ 2 ] 8650770
		mem[ 3 ] 8716308
		mem[ 4 ] 17039370
		mem[ 5 ] 5963782
		mem[ 6 ] 7143431
		mem[ 7 ] 8257542
		mem[ 8 ] 2949125
		mem[ 9 ] 17170433
		mem[ 10 ] 655361
		mem[ 11 ] 1179650
		mem[ 12 ] 8847379
		mem[ 13 ] 2555908
		mem[ 14 ] 16842741
		mem[ 15 ] 25165824
		mem[ 16 ] 1103
		mem[ 17 ] 7043
		mem[ 18 ] 16
		mem[ 19 ] -1
		mem[ 20 ] 1
	registers:
		reg[ 0 ] 0
		reg[ 1 ] 7768429
		reg[ 2 ] 72286208
		reg[ 3 ] 7043
		reg[ 4 ] 0
		reg[ 5 ] 65536
		reg[ 6 ] 0
		reg[ 7 ] -1
end state

@@@
state:
	pc 4
	memory:
		mem[ 0 ] 8519696
		mem[ 1 ] 8585233
		mem[ 2 ] 8650770
		mem[ 3 ] 8716308
		mem[ 4 ] 17039370
		mem[ 5 ] 5963782
		mem[ 6 ] 7143431
		mem[ 7 ] 8257542
		mem[ 8 ] 2949125
		mem[ 9 ] 17170433
		mem[ 10 ] 655361
		mem[ 11 ] 1179650
		mem[ 12 ] 8847379
		mem[ 13 ] 2555908
		mem[ 14 ] 16842741
		mem[ 15 ] 25165824
		mem[ 16 ] 1103
		mem[ 17 ] 7043
		mem[ 18 ] 16
		mem[ 19 ] -1
		mem[ 20 ] 1
	registers:
		reg[ 0 ] 0
		reg[ 1 ] 7768429
		reg[ 2 ] 72286208
		reg[ 3 ] 7043
		reg[ 4 ] 0
		reg[ 5 ] 65536
		reg[ 6 ] 0
		reg[ 7 ] -1
end state

@@@
state:
	pc 15
	memory:
		mem[ 0 ] 8519696
		mem[ 1 ] 8585233
		mem[ 2 ] 8650770
		mem[ 3 ] 8716308
		mem[ 4 ] 17039370
		mem[ 5 ] 5963782
		mem[ 6 ] 7143431
		mem[ 7 ] 8257542
		mem[ 8 ] 2949125
		mem[ 9 ] 17170433
		mem[ 10 ] 655361
		mem[ 11 ] 1179650
		mem[ 12 ] 8847379
		mem[ 13 ] 2555908
		mem[ 14 ] 16842741
		mem[ 15 ] 25165824
		mem[ 16 ] 1103
		mem[ 17 ] 7043
		mem[ 18 ] 16
		mem[ 19 ] -1
		mem[ 20 ] 1
	registers:
		reg[ 0 ] 0
		reg[ 1 ] 7768429
		reg[ 2 ] 72286208
		reg[ 3 ] 7043
		reg[ 4 ] 0
		reg[ 5 ] 65536
		reg[ 6 ] 0
		reg[ 7 ] -1
end state
machine halted
total of 173 instructions executed
final state of machine:

@@@
state:
	pc 16
	memory:
		mem[ 0 ] 8519696
		mem[ 1 ] 8585233
		mem[ 2 ] 8650770
		mem[ 3 ] 8716308
		mem[ 4 ] 17039370
		mem[ 5 ] 5963782
		mem[ 6 ] 7143431
		mem[ 7 ] 8257542
		mem[ 8 ] 2949125
		mem[ 9 ] 17170433
		mem[ 10 ] 655361
		mem[ 11 ] 1179650
		mem[ 12 ] 8847379
		mem[ 13 ] 2555908
		mem[ 14 ] 16842741
		mem[ 15 ] 25165824
		mem[ 16 ] 1103
		mem[ 17 ] 7043
		mem[ 18 ] 16
		mem[ 19 ] -1
		mem[ 20 ] 1
	registers:
		reg[ 0 ] 0
		reg[ 1 ] 7768429
		reg[ 2 ] 72286208
		reg[ 3 ] 7043
		reg[ 4 ] 0
		reg[ 5 ] 65536
		reg[ 6 ] 0
		reg[ 7 ] -1
end state
